#
# There is insufficient memory for the Java Runtime Environment to continue.
# Native memory allocation (malloc) failed to allocate 398496 bytes for Chunk::new
# Possible reasons:
#   The system is out of physical RAM or swap space
#   The process is running with CompressedOops enabled, and the Java Heap may be blocking the growth of the native heap
# Possible solutions:
#   Reduce memory load on the system
#   Increase physical memory or swap space
#   Check if swap backing store is full
#   Decrease Java heap size (-Xmx/-Xms)
#   Decrease number of Java threads
#   Decrease Java thread stack sizes (-Xss)
#   Set larger code cache with -XX:ReservedCodeCacheSize=
#   JVM is running with Unscaled Compressed Oops mode in which the Java heap is
#     placed in the first 4GB address space. The Java Heap base address is the
#     maximum limit for the native heap growth. Please use -XX:HeapBaseMinAddress
#     to set the Java Heap base and to place the Java Heap above 4GB virtual address.
# This output file may be truncated or incomplete.
#
#  Out of Memory Error (allocation.cpp:389), pid=16660, tid=0x0000000000004a18
#
# JRE version: OpenJDK Runtime Environment (Zulu 8.68.0.21-CA-win64) (8.0_362-b09) (build 1.8.0_362-b09)
# Java VM: OpenJDK 64-Bit Server VM (25.362-b09 mixed mode windows-amd64 compressed oops)
# Failed to write core dump. Minidumps are not enabled by default on client versions of Windows
#

---------------  T H R E A D  ---------------

Current thread (0x000002499ca57000):  JavaThread "C2 CompilerThread0" daemon [_thread_in_native, id=18968, stack(0x0000009811c00000,0x0000009811d00000)]

Stack: [0x0000009811c00000,0x0000009811d00000]
[error occurred during error reporting (printing stack bounds), id 0xc0000005]

Native frames: (J=compiled Java code, j=interpreted, Vv=VM code, C=native code)


Current CompileTask:
C2:   9966 1526   !   4       java.util.jar.Attributes::read (344 bytes)


---------------  P R O C E S S  ---------------

Java Threads: ( => current thread )
  0x000002499cb16000 JavaThread "Service Thread" daemon [_thread_blocked, id=17488, stack(0x0000009811e00000,0x0000009811f00000)]
  0x000002499cace800 JavaThread "C1 CompilerThread1" daemon [_thread_blocked, id=13548, stack(0x0000009811d00000,0x0000009811e00000)]
=>0x000002499ca57000 JavaThread "C2 CompilerThread0" daemon [_thread_in_native, id=18968, stack(0x0000009811c00000,0x0000009811d00000)]
  0x000002499ca55800 JavaThread "Attach Listener" daemon [_thread_blocked, id=17816, stack(0x0000009811b00000,0x0000009811c00000)]
  0x000002499ca4a000 JavaThread "Signal Dispatcher" daemon [_thread_blocked, id=7364, stack(0x0000009811a00000,0x0000009811b00000)]
  0x000002499bc06800 JavaThread "Finalizer" daemon [_thread_blocked, id=13972, stack(0x0000009811900000,0x0000009811a00000)]
  0x000002499bbfc000 JavaThread "Reference Handler" daemon [_thread_blocked, id=18792, stack(0x0000009811800000,0x0000009811900000)]
  0x0000024985915000 JavaThread "main" [_thread_in_native, id=12920, stack(0x0000009811400000,0x0000009811500000)]

Other Threads:
  0x000002499bbd2000 VMThread [stack: 0x0000009811700000,0x0000009811800000] [id=18888]
  0x000002499cb18800 WatcherThread [stack: 0x0000009811f00000,0x0000009812000000] [id=14436]

VM state:not at safepoint (normal execution)

VM Mutex/Monitor currently owned by a thread: None

heap address: 0x0000000080000000, size: 2048 MB, Compressed Oops mode: 32-bit
Narrow klass base: 0x0000000000000000, Narrow klass shift: 3
Compressed class space size: 1073741824 Address: 0x0000000100000000

Heap:
 PSYoungGen      total 59392K, used 24984K [0x00000000d5580000, 0x00000000d9380000, 0x0000000100000000)
  eden space 55296K, 37% used [0x00000000d5580000,0x00000000d69ea5a0,0x00000000d8b80000)
  from space 4096K, 99% used [0x00000000d8b80000,0x00000000d8f7ba68,0x00000000d8f80000)
  to   space 4096K, 0% used [0x00000000d8f80000,0x00000000d8f80000,0x00000000d9380000)
 ParOldGen       total 72704K, used 2725K [0x0000000080000000, 0x0000000084700000, 0x00000000d5580000)
  object space 72704K, 3% used [0x0000000080000000,0x00000000802a9660,0x0000000084700000)
 Metaspace       used 16499K, capacity 16762K, committed 17024K, reserved 1064960K
  class space    used 1715K, capacity 1819K, committed 1920K, reserved 1048576K

Card table byte_map: [0x00000249967d0000,0x0000024996be0000] byte_map_base: 0x00000249963d0000

Marking Bits: (ParMarkBitMap*) 0x00000000523a5390
 Begin Bits: [0x0000024996e90000, 0x0000024998e90000)
 End Bits:   [0x0000024998e90000, 0x000002499ae90000)

Polling page: 0x00000249872e0000

CodeCache: size=245760Kb used=6934Kb max_used=6940Kb free=238825Kb
 bounds [0x0000024987410000, 0x0000024987ae0000, 0x0000024996410000]
 total_blobs=2107 nmethods=1527 adapters=491
 compilation: enabled

Compilation events (10 events):
Event: 9.925 Thread 0x000002499cace800 1527       3       java.util.Vector::<init> (7 bytes)
Event: 9.925 Thread 0x000002499cace800 nmethod 1527 0x0000024987ad4810 code [0x0000024987ad4980, 0x0000024987ad4b10]
Event: 9.925 Thread 0x000002499cace800 1528       3       sun.security.util.ObjectIdentifier::check (78 bytes)
Event: 9.926 Thread 0x000002499cace800 nmethod 1528 0x0000024987ad6650 code [0x0000024987ad6800, 0x0000024987ad6ce0]
Event: 9.929 Thread 0x000002499cace800 1532       1       sun.security.x509.X509AttributeName::getSuffix (5 bytes)
Event: 9.930 Thread 0x000002499cace800 nmethod 1532 0x0000024987ad4550 code [0x0000024987ad46a0, 0x0000024987ad47b8]
Event: 9.930 Thread 0x000002499cace800 1533       1       sun.security.x509.X509AttributeName::getPrefix (5 bytes)
Event: 9.930 Thread 0x000002499cace800 nmethod 1533 0x0000024987ad4290 code [0x0000024987ad43e0, 0x0000024987ad44f8]
Event: 9.931 Thread 0x000002499cace800 1534       3       java.util.HashMap::afterNodeAccess (1 bytes)
Event: 9.931 Thread 0x000002499cace800 nmethod 1534 0x0000024987ad6310 code [0x0000024987ad6460, 0x0000024987ad65b8]

GC Heap History (10 events):
Event: 3.341 GC heap before
{Heap before GC invocations=1 (full 0):
 PSYoungGen      total 31744K, used 27648K [0x00000000d5580000, 0x00000000d7880000, 0x0000000100000000)
  eden space 27648K, 100% used [0x00000000d5580000,0x00000000d7080000,0x00000000d7080000)
  from space 4096K, 0% used [0x00000000d7480000,0x00000000d7480000,0x00000000d7880000)
  to   space 4096K, 0% used [0x00000000d7080000,0x00000000d7080000,0x00000000d7480000)
 ParOldGen       total 72704K, used 0K [0x0000000080000000, 0x0000000084700000, 0x00000000d5580000)
  object space 72704K, 0% used [0x0000000080000000,0x0000000080000000,0x0000000084700000)
 Metaspace       used 4482K, capacity 5152K, committed 5504K, reserved 1056768K
  class space    used 466K, capacity 536K, committed 640K, reserved 1048576K
Event: 3.347 GC heap after
Heap after GC invocations=1 (full 0):
 PSYoungGen      total 31744K, used 3887K [0x00000000d5580000, 0x00000000d7880000, 0x0000000100000000)
  eden space 27648K, 0% used [0x00000000d5580000,0x00000000d5580000,0x00000000d7080000)
  from space 4096K, 94% used [0x00000000d7080000,0x00000000d744bc40,0x00000000d7480000)
  to   space 4096K, 0% used [0x00000000d7480000,0x00000000d7480000,0x00000000d7880000)
 ParOldGen       total 72704K, used 8K [0x0000000080000000, 0x0000000084700000, 0x00000000d5580000)
  object space 72704K, 0% used [0x0000000080000000,0x0000000080002000,0x0000000084700000)
 Metaspace       used 4482K, capacity 5152K, committed 5504K, reserved 1056768K
  class space    used 466K, capacity 536K, committed 640K, reserved 1048576K
}
Event: 5.654 GC heap before
{Heap before GC invocations=2 (full 0):
 PSYoungGen      total 31744K, used 31535K [0x00000000d5580000, 0x00000000d7880000, 0x0000000100000000)
  eden space 27648K, 100% used [0x00000000d5580000,0x00000000d7080000,0x00000000d7080000)
  from space 4096K, 94% used [0x00000000d7080000,0x00000000d744bc40,0x00000000d7480000)
  to   space 4096K, 0% used [0x00000000d7480000,0x00000000d7480000,0x00000000d7880000)
 ParOldGen       total 72704K, used 8K [0x0000000080000000, 0x0000000084700000, 0x00000000d5580000)
  object space 72704K, 0% used [0x0000000080000000,0x0000000080002000,0x0000000084700000)
 Metaspace       used 8122K, capacity 8272K, committed 8448K, reserved 1056768K
  class space    used 888K, capacity 952K, committed 1024K, reserved 1048576K
Event: 5.661 GC heap after
Heap after GC invocations=2 (full 0):
 PSYoungGen      total 31744K, used 4007K [0x00000000d5580000, 0x00000000d7880000, 0x0000000100000000)
  eden space 27648K, 0% used [0x00000000d5580000,0x00000000d5580000,0x00000000d7080000)
  from space 4096K, 97% used [0x00000000d7480000,0x00000000d7869ec0,0x00000000d7880000)
  to   space 4096K, 0% used [0x00000000d7080000,0x00000000d7080000,0x00000000d7480000)
 ParOldGen       total 72704K, used 16K [0x0000000080000000, 0x0000000084700000, 0x00000000d5580000)
  object space 72704K, 0% used [0x0000000080000000,0x0000000080004000,0x0000000084700000)
 Metaspace       used 8122K, capacity 8272K, committed 8448K, reserved 1056768K
  class space    used 888K, capacity 952K, committed 1024K, reserved 1048576K
}
Event: 6.936 GC heap before
{Heap before GC invocations=3 (full 0):
 PSYoungGen      total 31744K, used 31544K [0x00000000d5580000, 0x00000000d7880000, 0x0000000100000000)
  eden space 27648K, 99% used [0x00000000d5580000,0x00000000d7064178,0x00000000d7080000)
  from space 4096K, 97% used [0x00000000d7480000,0x00000000d7869ec0,0x00000000d7880000)
  to   space 4096K, 0% used [0x00000000d7080000,0x00000000d7080000,0x00000000d7480000)
 ParOldGen       total 72704K, used 16K [0x0000000080000000, 0x0000000084700000, 0x00000000d5580000)
  object space 72704K, 0% used [0x0000000080000000,0x0000000080004000,0x0000000084700000)
 Metaspace       used 9794K, capacity 9968K, committed 10240K, reserved 1058816K
  class space    used 1119K, capacity 1176K, committed 1280K, reserved 1048576K
Event: 6.985 GC heap after
Heap after GC invocations=3 (full 0):
 PSYoungGen      total 31744K, used 4093K [0x00000000d5580000, 0x00000000d9380000, 0x0000000100000000)
  eden space 27648K, 0% used [0x00000000d5580000,0x00000000d5580000,0x00000000d7080000)
  from space 4096K, 99% used [0x00000000d7080000,0x00000000d747f7a0,0x00000000d7480000)
  to   space 4096K, 0% used [0x00000000d8f80000,0x00000000d8f80000,0x00000000d9380000)
 ParOldGen       total 72704K, used 769K [0x0000000080000000, 0x0000000084700000, 0x00000000d5580000)
  object space 72704K, 1% used [0x0000000080000000,0x00000000800c0448,0x0000000084700000)
 Metaspace       used 9794K, capacity 9968K, committed 10240K, reserved 1058816K
  class space    used 1119K, capacity 1176K, committed 1280K, reserved 1048576K
}
Event: 8.024 GC heap before
{Heap before GC invocations=4 (full 0):
 PSYoungGen      total 31744K, used 31741K [0x00000000d5580000, 0x00000000d9380000, 0x0000000100000000)
  eden space 27648K, 100% used [0x00000000d5580000,0x00000000d7080000,0x00000000d7080000)
  from space 4096K, 99% used [0x00000000d7080000,0x00000000d747f7a0,0x00000000d7480000)
  to   space 4096K, 0% used [0x00000000d8f80000,0x00000000d8f80000,0x00000000d9380000)
 ParOldGen       total 72704K, used 769K [0x0000000080000000, 0x0000000084700000, 0x00000000d5580000)
  object space 72704K, 1% used [0x0000000080000000,0x00000000800c0448,0x0000000084700000)
 Metaspace       used 10685K, capacity 10838K, committed 11008K, reserved 1058816K
  class space    used 1163K, capacity 1209K, committed 1280K, reserved 1048576K
Event: 8.067 GC heap after
Heap after GC invocations=4 (full 0):
 PSYoungGen      total 59392K, used 4092K [0x00000000d5580000, 0x00000000d9380000, 0x0000000100000000)
  eden space 55296K, 0% used [0x00000000d5580000,0x00000000d5580000,0x00000000d8b80000)
  from space 4096K, 99% used [0x00000000d8f80000,0x00000000d937f050,0x00000000d9380000)
  to   space 4096K, 0% used [0x00000000d8b80000,0x00000000d8b80000,0x00000000d8f80000)
 ParOldGen       total 72704K, used 1004K [0x0000000080000000, 0x0000000084700000, 0x00000000d5580000)
  object space 72704K, 1% used [0x0000000080000000,0x00000000800fb390,0x0000000084700000)
 Metaspace       used 10685K, capacity 10838K, committed 11008K, reserved 1058816K
  class space    used 1163K, capacity 1209K, committed 1280K, reserved 1048576K
}
Event: 9.112 GC heap before
{Heap before GC invocations=5 (full 0):
 PSYoungGen      total 59392K, used 59388K [0x00000000d5580000, 0x00000000d9380000, 0x0000000100000000)
  eden space 55296K, 100% used [0x00000000d5580000,0x00000000d8b80000,0x00000000d8b80000)
  from space 4096K, 99% used [0x00000000d8f80000,0x00000000d937f050,0x00000000d9380000)
  to   space 4096K, 0% used [0x00000000d8b80000,0x00000000d8b80000,0x00000000d8f80000)
 ParOldGen       total 72704K, used 1004K [0x0000000080000000, 0x0000000084700000, 0x00000000d5580000)
  object space 72704K, 1% used [0x0000000080000000,0x00000000800fb390,0x0000000084700000)
 Metaspace       used 12808K, capacity 13018K, committed 13184K, reserved 1060864K
  class space    used 1316K, capacity 1380K, committed 1408K, reserved 1048576K
Event: 9.126 GC heap after
Heap after GC invocations=5 (full 0):
 PSYoungGen      total 59392K, used 4078K [0x00000000d5580000, 0x00000000d9380000, 0x0000000100000000)
  eden space 55296K, 0% used [0x00000000d5580000,0x00000000d5580000,0x00000000d8b80000)
  from space 4096K, 99% used [0x00000000d8b80000,0x00000000d8f7ba68,0x00000000d8f80000)
  to   space 4096K, 0% used [0x00000000d8f80000,0x00000000d8f80000,0x00000000d9380000)
 ParOldGen       total 72704K, used 2725K [0x0000000080000000, 0x0000000084700000, 0x00000000d5580000)
  object space 72704K, 3% used [0x0000000080000000,0x00000000802a9660,0x0000000084700000)
 Metaspace       used 12808K, capacity 13018K, committed 13184K, reserved 1060864K
  class space    used 1316K, capacity 1380K, committed 1408K, reserved 1048576K
}

Deoptimization events (10 events):
Event: 9.191 Thread 0x0000024985915000 Uncommon trap: reason=unstable_if action=reinterpret pc=0x00000249876649d4 method=java.lang.String.indexOf([CII[CIII)I @ 3
Event: 9.330 Thread 0x0000024985915000 Uncommon trap: reason=class_check action=maybe_recompile pc=0x00000249878cf708 method=java.util.HashMap.putVal(ILjava/lang/Object;Ljava/lang/Object;ZZ)Ljava/lang/Object; @ 203
Event: 9.330 Thread 0x0000024985915000 Uncommon trap: reason=class_check action=maybe_recompile pc=0x00000249878cf708 method=java.util.HashMap.putVal(ILjava/lang/Object;Ljava/lang/Object;ZZ)Ljava/lang/Object; @ 203
Event: 9.330 Thread 0x0000024985915000 Uncommon trap: reason=class_check action=maybe_recompile pc=0x00000249878cf708 method=java.util.HashMap.putVal(ILjava/lang/Object;Ljava/lang/Object;ZZ)Ljava/lang/Object; @ 203
Event: 9.332 Thread 0x0000024985915000 Uncommon trap: reason=class_check action=maybe_recompile pc=0x00000249878cf708 method=java.util.HashMap.putVal(ILjava/lang/Object;Ljava/lang/Object;ZZ)Ljava/lang/Object; @ 203
Event: 9.372 Thread 0x0000024985915000 Uncommon trap: reason=unstable_if action=reinterpret pc=0x00000249878c8468 method=java.util.HashMap.putVal(ILjava/lang/Object;Ljava/lang/Object;ZZ)Ljava/lang/Object; @ 236
Event: 9.418 Thread 0x0000024985915000 Uncommon trap: reason=unstable_if action=reinterpret pc=0x000002498760e6a4 method=java.lang.String.regionMatches(ZILjava/lang/String;II)Z @ 123
Event: 9.418 Thread 0x0000024985915000 Uncommon trap: reason=unstable_if action=reinterpret pc=0x0000024987586ed8 method=java.lang.String.regionMatches(ZILjava/lang/String;II)Z @ 123
Event: 9.419 Thread 0x0000024985915000 Uncommon trap: reason=unstable_if action=reinterpret pc=0x00000249878e4cbc method=java.lang.CharacterDataLatin1.isWhitespace(I)Z @ 14
Event: 9.752 Thread 0x0000024985915000 Uncommon trap: reason=unstable_if action=reinterpret pc=0x0000024987a28b2c method=java.util.HashMap.hash(Ljava/lang/Object;)I @ 1

Classes redefined (0 events):
No events

Internal exceptions (10 events):
Event: 9.090 Thread 0x0000024985915000 Exception <a 'java/lang/ClassNotFoundException': com/kms/katalon/core/cucumber/keyword/internal/CucumberDriverCleanerCustomizer> (0x00000000d8a25648) thrown at [C:\jenkins\workspace\zulu-platform-build\zulu-src.git\hotspot\src\share\vm\classfile\systemDic
Event: 9.099 Thread 0x0000024985915000 Exception <a 'java/lang/ClassNotFoundException': com/kms/katalon/core/windows/keyword/contribution/WindowsDriverCleanerBeanInfo> (0x00000000d8b18160) thrown at [C:\jenkins\workspace\zulu-platform-build\zulu-src.git\hotspot\src\share\vm\classfile\systemDic
Event: 9.129 Thread 0x0000024985915000 Exception <a 'java/lang/ClassNotFoundException': com/kms/katalon/core/windows/keyword/contribution/WindowsDriverCleanerCustomizer> (0x00000000d55c9c70) thrown at [C:\jenkins\workspace\zulu-platform-build\zulu-src.git\hotspot\src\share\vm\classfile\systemD
Event: 9.136 Thread 0x0000024985915000 Exception <a 'java/lang/ClassNotFoundException': com/kms/katalon/core/testng/keyword/internal/TestNGDriverCleanerBeanInfo> (0x00000000d56af868) thrown at [C:\jenkins\workspace\zulu-platform-build\zulu-src.git\hotspot\src\share\vm\classfile\systemDictionar
Event: 9.139 Thread 0x0000024985915000 Exception <a 'java/lang/ClassNotFoundException': com/kms/katalon/core/testng/keyword/internal/TestNGDriverCleanerCustomizer> (0x00000000d57573b8) thrown at [C:\jenkins\workspace\zulu-platform-build\zulu-src.git\hotspot\src\share\vm\classfile\systemDiction
Event: 9.623 Thread 0x0000024985915000 Exception <a 'java/lang/NoSuchMethodError': java.lang.invoke.MethodHandleImpl.array(Ljava/lang/Object;Ljava/lang/Object;Ljava/lang/Object;Ljava/lang/Object;Ljava/lang/Object;Ljava/lang/Object;Ljava/lang/Object;Ljava/lang/Object;Ljava/lang/Object;Ljava/lan
Event: 9.626 Thread 0x0000024985915000 Exception <a 'java/lang/NoSuchFieldError': method resolution failed> (0x00000000d5e09788) thrown at [C:\jenkins\workspace\zulu-platform-build\zulu-src.git\hotspot\src\share\vm\prims\methodHandles.cpp, line 1194]
Event: 9.752 Thread 0x0000024985915000 Implicit null exception at 0x0000024987a2839b to 0x0000024987a28b11
Event: 9.781 Thread 0x0000024985915000 Exception <a 'java/lang/ClassNotFoundException': com/kms/katalon/core/configuration/RunConfigurationBeanInfo> (0x00000000d608f110) thrown at [C:\jenkins\workspace\zulu-platform-build\zulu-src.git\hotspot\src\share\vm\classfile\systemDictionary.cpp, line 2
Event: 9.785 Thread 0x0000024985915000 Exception <a 'java/lang/ClassNotFoundException': com/kms/katalon/core/configuration/RunConfigurationCustomizer> (0x00000000d6123138) thrown at [C:\jenkins\workspace\zulu-platform-build\zulu-src.git\hotspot\src\share\vm\classfile\systemDictionary.cpp, line

Events (10 events):
Event: 9.937 loading class java/io/FileFilter
Event: 9.939 loading class java/io/FileFilter done
Event: 9.940 loading class java/io/FilenameFilter
Event: 9.944 loading class java/io/FilenameFilter done
Event: 9.945 loading class java/util/zip/CheckedInputStream
Event: 9.947 loading class java/util/zip/CheckedInputStream done
Event: 9.949 loading class java/nio/channels/ReadableByteChannel
Event: 9.950 loading class java/nio/channels/Channel
Event: 9.951 loading class java/nio/channels/Channel done
Event: 9.951 loading class java/nio/channels/ReadableByteChannel done


Dynamic libraries:
0x00007ff64e1b0000 - 0x00007ff64e201000 	C:\Users\3380\Downloads\Katalon_Studio_Windows_64-8.6.5\Katalon_Studio_Windows_64-8.6.5\jre\bin\javaw.exe
0x00007ffd1d330000 - 0x00007ffd1d526000 	C:\Windows\SYSTEM32\ntdll.dll
0x00007ffd1be00000 - 0x00007ffd1bebd000 	C:\Windows\System32\KERNEL32.DLL
0x00007ffd1ac00000 - 0x00007ffd1aec8000 	C:\Windows\System32\KERNELBASE.dll
0x0000000052570000 - 0x0000000052603000 	C:\Windows\System32\SYSFER.DLL
0x00007ffd1cd70000 - 0x00007ffd1ce1c000 	C:\Windows\System32\ADVAPI32.dll
0x00007ffd1cec0000 - 0x00007ffd1cf5e000 	C:\Windows\System32\msvcrt.dll
0x00007ffd1c100000 - 0x00007ffd1c19b000 	C:\Windows\System32\sechost.dll
0x00007ffd1bfd0000 - 0x00007ffd1c0f4000 	C:\Windows\System32\RPCRT4.dll
0x00007ffd1c8f0000 - 0x00007ffd1ca90000 	C:\Windows\System32\USER32.dll
0x00007ffd1ab50000 - 0x00007ffd1ab72000 	C:\Windows\System32\win32u.dll
0x00007ffd1ce90000 - 0x00007ffd1ceba000 	C:\Windows\System32\GDI32.dll
0x00007ffd1b220000 - 0x00007ffd1b329000 	C:\Windows\System32\gdi32full.dll
0x00007ffd1b180000 - 0x00007ffd1b21d000 	C:\Windows\System32\msvcp_win.dll
0x00007ffd1b030000 - 0x00007ffd1b130000 	C:\Windows\System32\ucrtbase.dll
0x00007ffd18b40000 - 0x00007ffd18ddb000 	C:\Windows\WinSxS\amd64_microsoft.windows.common-controls_6595b64144ccf1df_6.0.19041.488_none_ca04af081b815d21\COMCTL32.dll
0x00007ffd1cf70000 - 0x00007ffd1cfa0000 	C:\Windows\System32\IMM32.DLL
0x00007ffd1a870000 - 0x00007ffd1a8a8000 	C:\Program Files\Citrix\System32\MfApHook64.dll
0x00007ffd1a7a0000 - 0x00007ffd1a7b2000 	C:\Program Files\Citrix\IcaService\FullScreenHook64.dll
0x00007ffd1a710000 - 0x00007ffd1a79e000 	C:\Windows\SYSTEM32\MSVCP140.dll
0x00007ffd1a6f0000 - 0x00007ffd1a70b000 	C:\Windows\SYSTEM32\VCRUNTIME140.dll
0x00007ffd1a6e0000 - 0x00007ffd1a6ec000 	C:\Windows\SYSTEM32\VCRUNTIME140_1.dll
0x00007ffd1a2c0000 - 0x00007ffd1a2ea000 	C:\Program Files\Citrix\ICAService\ShellHook64.dll
0x00007ffd1bd40000 - 0x00007ffd1bd95000 	C:\Windows\System32\SHLWAPI.dll
0x00007ffd1a1b0000 - 0x00007ffd1a2bf000 	C:\Program Files\Citrix\IcaService\SCardHook64.dll
0x00007ffd1a020000 - 0x00007ffd1a040000 	C:\Program Files\Citrix\ICAService\cxinjime64.dll
0x00007ffd19ff0000 - 0x00007ffd1a016000 	C:\Program Files\Citrix\ICAService\PicaWtsHook64.dll
0x0000000051bb0000 - 0x0000000052420000 	C:\Users\3380\Downloads\Katalon_Studio_Windows_64-8.6.5\Katalon_Studio_Windows_64-8.6.5\jre\bin\server\jvm.dll
0x00007ffd1bd30000 - 0x00007ffd1bd38000 	C:\Windows\System32\PSAPI.DLL
0x00007ffd13bc0000 - 0x00007ffd13bc9000 	C:\Windows\SYSTEM32\WSOCK32.dll
0x00007ffd1ce20000 - 0x00007ffd1ce8b000 	C:\Windows\System32\WS2_32.dll
0x00007ffd12ef0000 - 0x00007ffd12f17000 	C:\Windows\SYSTEM32\WINMM.dll
0x00007ffd1a650000 - 0x00007ffd1a65a000 	C:\Windows\SYSTEM32\VERSION.dll
0x00007ffd18a40000 - 0x00007ffd18a52000 	C:\Windows\SYSTEM32\kernel.appcore.dll
0x00007ffd0db20000 - 0x00007ffd0db30000 	C:\Users\3380\Downloads\Katalon_Studio_Windows_64-8.6.5\Katalon_Studio_Windows_64-8.6.5\jre\bin\verify.dll
0x00007ffd09960000 - 0x00007ffd0998b000 	C:\Users\3380\Downloads\Katalon_Studio_Windows_64-8.6.5\Katalon_Studio_Windows_64-8.6.5\jre\bin\java.dll
0x00007ffd0bd90000 - 0x00007ffd0bda8000 	C:\Users\3380\Downloads\Katalon_Studio_Windows_64-8.6.5\Katalon_Studio_Windows_64-8.6.5\jre\bin\zip.dll
0x00007ffd1c1a0000 - 0x00007ffd1c8e1000 	C:\Windows\System32\SHELL32.dll
0x00007ffd17b90000 - 0x00007ffd18325000 	C:\Windows\SYSTEM32\windows.storage.dll
0x00007ffd1b390000 - 0x00007ffd1b6e5000 	C:\Windows\System32\combase.dll
0x00007ffd19c50000 - 0x00007ffd19c7c000 	C:\Windows\SYSTEM32\Wldp.dll
0x00007ffd1cfa0000 - 0x00007ffd1d04e000 	C:\Windows\System32\SHCORE.dll
0x00007ffd1a9a0000 - 0x00007ffd1a9c6000 	C:\Windows\SYSTEM32\profapi.dll

VM Arguments:
jvm_args: -Dgroovy.home=C:\Users\3380/.groovy -Djava.system.class.loader=groovy.lang.GroovyClassLoader -Xmx2048m -Dfile.encoding=UTF-8 
java_command: org.codehaus.groovy.tools.GroovyStarter --classpath C:\Users\3380\Katalon Studio\My Project\bin\keyword;C:\Users\3380\Katalon Studio\My Project\Keywords;C:\Users\3380\Katalon Studio\My Project\bin\listener;C:\Users\3380\Katalon Studio\My Project\Test Listeners;C:\Users\3380\Katalon Studio\My Project\bin\lib;C:\Users\3380\Katalon Studio\My Project\Libs;C:\Users\3380\Katalon Studio\My Project\bin\groovy;C:\Users\3380\Katalon Studio\My Project\Include\scripts\groovy;C:\Users\3380\Downloads\Katalon_Studio_Windows_64-8.6.5\Katalon_Studio_Windows_64-8.6.5\plugins\com.kms.katalon.core_1.0.0.202305240718.jar;C:\Users\3380\Downloads\Katalon_Studio_Windows_64-8.6.5\Katalon_Studio_Windows_64-8.6.5\configuration\resources\lib\aalto-xml-1.0.0.jar;C:\Users\3380\Downloads\Katalon_Studio_Windows_64-8.6.5\Katalon_Studio_Windows_64-8.6.5\configuration\resources\lib\aspectjweaver-1.9.1.jar;C:\Users\3380\Downloads\Katalon_Studio_Windows_64-8.6.5\Katalon_Studio_Windows_64-8.6.5\configuration\resources\lib\bcpkix-jdk15on-1.64.jar;C:\Users\3380\Downloads\Katalon_Studio_Windows_64-8.6.5\Katalon_Studio_Windows_64-8.6.5\configuration\resources\lib\bcprov-jdk15on-1.64.jar;C:\Users\3380\Downloads\Katalon_Studio_Windows_64-8.6.5\Katalon_Studio_Windows_64-8.6.5\configuration\resources\lib\browsermob-core-2.1.5.jar;C:\Users\3380\Downloads\Katalon_Studio_Windows_64-8.6.5\Katalon_Studio_Windows_64-8.6.5\configuration\resources\lib\cglib-3.2.10.jar;C:\Users\3380\Downloads\Katalon_Studio_Windows_64-8.6.5\Katalon_Studio_Windows_64-8.6.5\configuration\resources\lib\commons-codec-1.10.jar;C:\Users\3380\Downloads\Katalon_Studio_Windows_64-8.6.5\Katalon_Studio_Windows_64-8.6.5\configuration\resources\lib\commons-collections4-4.1.jar;C:\Users\3380\Downloads\Katalon_Studio_Windows_64-8.6.5\Katalon_Studio_Windows_64-8.6.5\configuration\resources\lib\commons-validator-1.6.jar;C:\Users\3380\Downloads\Katalon_Studio_Windows_64-8.6.5\Katalon_Studio_Windows_64-8.6.5\configuration\resources\lib\cur
java_class_path (initial): C:\Users\3380\Katalon Studio\My Project\bin\keyword;C:\Users\3380\Katalon Studio\My Project\bin\listener;C:\Users\3380\Katalon Studio\My Project\bin\lib;C:\Users\3380\Katalon Studio\My Project\bin\groovy;C:\Users\3380\Katalon Studio\My Project\bin;C:\Users\3380\Downloads\Katalon_Studio_Windows_64-8.6.5\Katalon_Studio_Windows_64-8.6.5\plugins\com.kms.katalon.core_1.0.0.202305240718.jar;C:\Users\3380\Downloads\Katalon_Studio_Windows_64-8.6.5\Katalon_Studio_Windows_64-8.6.5\configuration\resources\lib\aalto-xml-1.0.0.jar;C:\Users\3380\Downloads\Katalon_Studio_Windows_64-8.6.5\Katalon_Studio_Windows_64-8.6.5\configuration\resources\lib\aspectjweaver-1.9.1.jar;C:\Users\3380\Downloads\Katalon_Studio_Windows_64-8.6.5\Katalon_Studio_Windows_64-8.6.5\configuration\resources\lib\bcpkix-jdk15on-1.64.jar;C:\Users\3380\Downloads\Katalon_Studio_Windows_64-8.6.5\Katalon_Studio_Windows_64-8.6.5\configuration\resources\lib\bcprov-jdk15on-1.64.jar;C:\Users\3380\Downloads\Katalon_Studio_Windows_64-8.6.5\Katalon_Studio_Windows_64-8.6.5\configuration\resources\lib\browsermob-core-2.1.5.jar;C:\Users\3380\Downloads\Katalon_Studio_Windows_64-8.6.5\Katalon_Studio_Windows_64-8.6.5\configuration\resources\lib\cglib-3.2.10.jar;C:\Users\3380\Downloads\Katalon_Studio_Windows_64-8.6.5\Katalon_Studio_Windows_64-8.6.5\configuration\resources\lib\commons-codec-1.10.jar;C:\Users\3380\Downloads\Katalon_Studio_Windows_64-8.6.5\Katalon_Studio_Windows_64-8.6.5\configuration\resources\lib\commons-collections4-4.1.jar;C:\Users\3380\Downloads\Katalon_Studio_Windows_64-8.6.5\Katalon_Studio_Windows_64-8.6.5\configuration\resources\lib\commons-validator-1.6.jar;C:\Users\3380\Downloads\Katalon_Studio_Windows_64-8.6.5\Katalon_Studio_Windows_64-8.6.5\configuration\resources\lib\curvesapi-1.04.jar;C:\Users\3380\Downloads\Katalon_Studio_Windows_64-8.6.5\Katalon_Studio_Windows_64-8.6.5\configuration\resources\lib\dnsjava-2.1.8.jar;C:\Users\3380\Downloads\Katalon_Studio_Windows_64-8.6.5\K
Launcher Type: SUN_STANDARD

Environment Variables:
JAVA_HOME=C:\jdk-17.0.1\bin
PATH=C:/Users/3380/Downloads/Katalon_Studio_Windows_64-8.6.5/Katalon_Studio_Windows_64-8.6.5/jre/bin/server;C:/Users/3380/Downloads/Katalon_Studio_Windows_64-8.6.5/Katalon_Studio_Windows_64-8.6.5/jre/bin;C:/Users/3380/Downloads/Katalon_Studio_Windows_64-8.6.5/Katalon_Studio_Windows_64-8.6.5/jre/lib/amd64;C:\Program Files (x86)\Microsoft SDKs\Azure\CLI2\wbin;C:\Windows\system32;C:\Windows;C:\Windows\System32\Wbem;C:\Windows\System32\WindowsPowerShell\v1.0\;C:\Windows\System32\OpenSSH\;C:\Program Files\Citrix\System32\;C:\Program Files\Citrix\ICAService\;C:\Program Files\Citrix\Virtual Desktop Agent\;C:\jdk-17.0.1\bin;;C:\Program Files\Microsoft VS Code\bin;C:\Program Files\Docker\Docker\resources\bin;C:\Users\3380\AppData\Local\Microsoft\WindowsApps;;C:\Users\3380\Downloads\Katalon_Studio_Windows_64-8.6.5\Katalon_Studio_Windows_64-8.6.5;
USERNAME=3380
OS=Windows_NT
PROCESSOR_IDENTIFIER=Intel64 Family 6 Model 85 Stepping 7, GenuineIntel



---------------  S Y S T E M  ---------------

OS: Windows 10 , 64 bit Build 19041 (10.0.19041.546)
Xen hardware-assisted virtualization detected

CPU:total 2 (initial active 2) (4 cores per cpu, 1 threads per core) family 6 model 85 stepping 7, cmov, cx8, fxsr, mmx, sse, sse2, sse3, ssse3, sse4.1, sse4.2, popcnt, avx, avx2, aes, clmul, erms, 3dnowpref, lzcnt, tsc, bmi1, bmi2, adx

Memory: 4k page, physical 6912048k(314160k free), swap 9745808k(3632k free)

vm_info: OpenJDK 64-Bit Server VM (25.362-b09) for windows-amd64 JRE (Zulu 8.68.0.21-CA-win64) (1.8.0_362-b09), built on Jan 19 2023 16:49:02 by "tester" with MS VC++ 15.9 (VS2017)

time: Fri Jul  7 15:20:12 2023
timezone: India Standard Time
elapsed time: 9.972608 seconds (0d 0h 0m 9s)

