#
# There is insufficient memory for the Java Runtime Environment to continue.
# Native memory allocation (malloc) failed to allocate 166096 bytes for Chunk::new
# Possible reasons:
#   The system is out of physical RAM or swap space
#   The process is running with CompressedOops enabled, and the Java Heap may be blocking the growth of the native heap
# Possible solutions:
#   Reduce memory load on the system
#   Increase physical memory or swap space
#   Check if swap backing store is full
#   Decrease Java heap size (-Xmx/-Xms)
#   Decrease number of Java threads
#   Decrease Java thread stack sizes (-Xss)
#   Set larger code cache with -XX:ReservedCodeCacheSize=
#   JVM is running with Unscaled Compressed Oops mode in which the Java heap is
#     placed in the first 4GB address space. The Java Heap base address is the
#     maximum limit for the native heap growth. Please use -XX:HeapBaseMinAddress
#     to set the Java Heap base and to place the Java Heap above 4GB virtual address.
# This output file may be truncated or incomplete.
#
#  Out of Memory Error (allocation.cpp:389), pid=17604, tid=0x0000000000002810
#
# JRE version: OpenJDK Runtime Environment (Zulu 8.68.0.21-CA-win64) (8.0_362-b09) (build 1.8.0_362-b09)
# Java VM: OpenJDK 64-Bit Server VM (25.362-b09 mixed mode windows-amd64 compressed oops)
# Failed to write core dump. Minidumps are not enabled by default on client versions of Windows
#

---------------  T H R E A D  ---------------

Current thread (0x000001dc3de49800):  JavaThread "C2 CompilerThread0" daemon [_thread_in_native, id=10256, stack(0x000000a351200000,0x000000a351300000)]

Stack: [0x000000a351200000,0x000000a351300000]
[error occurred during error reporting (printing stack bounds), id 0xc0000005]

Native frames: (J=compiled Java code, j=interpreted, Vv=VM code, C=native code)


Current CompileTask:
C2:  42709 4074       4       sun.reflect.annotation.AnnotationInvocationHandler::invoke (277 bytes)


---------------  P R O C E S S  ---------------

Java Threads: ( => current thread )
  0x000001dc3e621800 JavaThread "Exec Stream Pumper" daemon [_thread_in_native, id=13932, stack(0x000000a351a00000,0x000000a351b00000)]
  0x000001dc3e3c3800 JavaThread "Exec Stream Pumper" daemon [_thread_in_native, id=7016, stack(0x000000a351900000,0x000000a351a00000)]
  0x000001dc3e890800 JavaThread "Exec Default Executor" daemon [_thread_in_native, id=2776, stack(0x000000a351600000,0x000000a351700000)]
  0x000001dc3f6c4800 JavaThread "Okio Watchdog" daemon [_thread_blocked, id=13688, stack(0x000000a351e00000,0x000000a351f00000)]
  0x000001dc3e9eb000 JavaThread "OkHttp ConnectionPool" daemon [_thread_blocked, id=6424, stack(0x000000a351d00000,0x000000a351e00000)]
  0x000001dc409a7800 JavaThread "UrlChecker-2" daemon [_thread_blocked, id=14704, stack(0x000000a351700000,0x000000a351800000)]
  0x000001dc3de80800 JavaThread "Service Thread" daemon [_thread_blocked, id=14128, stack(0x000000a351400000,0x000000a351500000)]
  0x000001dc3de4c800 JavaThread "C1 CompilerThread1" daemon [_thread_blocked, id=7748, stack(0x000000a351300000,0x000000a351400000)]
=>0x000001dc3de49800 JavaThread "C2 CompilerThread0" daemon [_thread_in_native, id=10256, stack(0x000000a351200000,0x000000a351300000)]
  0x000001dc3de43800 JavaThread "Attach Listener" daemon [_thread_blocked, id=8536, stack(0x000000a351100000,0x000000a351200000)]
  0x000001dc3de36000 JavaThread "Signal Dispatcher" daemon [_thread_blocked, id=6832, stack(0x000000a351000000,0x000000a351100000)]
  0x000001dc3cfe6800 JavaThread "Finalizer" daemon [_thread_blocked, id=13236, stack(0x000000a350f00000,0x000000a351000000)]
  0x000001dc3cfdc000 JavaThread "Reference Handler" daemon [_thread_blocked, id=7592, stack(0x000000a350e00000,0x000000a350f00000)]
  0x000001dc26dc5000 JavaThread "Forwarding quit on session 44f35412a20a77b89ea6240d60146313 to remote" [_thread_in_native, id=11552, stack(0x000000a350a00000,0x000000a350b00000)]

Other Threads:
  0x000001dc3cfb2000 VMThread [stack: 0x000000a350d00000,0x000000a350e00000] [id=10552]
  0x000001dc3df08000 WatcherThread [stack: 0x000000a351500000,0x000000a351600000] [id=15292]

VM state:not at safepoint (normal execution)

VM Mutex/Monitor currently owned by a thread: None

heap address: 0x0000000080000000, size: 2048 MB, Compressed Oops mode: 32-bit
Narrow klass base: 0x0000000000000000, Narrow klass shift: 3
Compressed class space size: 1073741824 Address: 0x0000000100000000

Heap:
 PSYoungGen      total 195584K, used 143405K [0x00000000d5580000, 0x00000000e2280000, 0x0000000100000000)
  eden space 191488K, 74% used [0x00000000d5580000,0x00000000de0a9b28,0x00000000e1080000)
  from space 4096K, 22% used [0x00000000e1e80000,0x00000000e1f619b0,0x00000000e2280000)
  to   space 9216K, 0% used [0x00000000e1080000,0x00000000e1080000,0x00000000e1980000)
 ParOldGen       total 50176K, used 19769K [0x0000000080000000, 0x0000000083100000, 0x00000000d5580000)
  object space 50176K, 39% used [0x0000000080000000,0x000000008134e678,0x0000000083100000)
 Metaspace       used 32696K, capacity 33774K, committed 33920K, reserved 1079296K
  class space    used 3814K, capacity 4141K, committed 4224K, reserved 1048576K

Card table byte_map: [0x000001dc37bb0000,0x000001dc37fc0000] byte_map_base: 0x000001dc377b0000

Marking Bits: (ParMarkBitMap*) 0x00000000523a5390
 Begin Bits: [0x000001dc38270000, 0x000001dc3a270000)
 End Bits:   [0x000001dc3a270000, 0x000001dc3c270000)

Polling page: 0x000001dc286c0000

CodeCache: size=245760Kb used=13568Kb max_used=13568Kb free=232191Kb
 bounds [0x000001dc287f0000, 0x000001dc29540000, 0x000001dc377f0000]
 total_blobs=4386 nmethods=3680 adapters=616
 compilation: enabled

Compilation events (10 events):
Event: 33.106 Thread 0x000001dc3de4c800 nmethod 4069 0x000001dc2953ca90 code [0x000001dc2953cc20, 0x000001dc2953d100]
Event: 33.106 Thread 0x000001dc3de4c800 4070       3       java.util.Objects::hashCode (13 bytes)
Event: 33.107 Thread 0x000001dc3de4c800 nmethod 4070 0x000001dc29538950 code [0x000001dc29538ac0, 0x000001dc29538d10]
Event: 33.108 Thread 0x000001dc3de4c800 4071       3       sun.reflect.ClassFileAssembler::append (30 bytes)
Event: 33.108 Thread 0x000001dc3de4c800 nmethod 4071 0x000001dc2953d290 code [0x000001dc2953d440, 0x000001dc2953d960]
Event: 42.689 Thread 0x000001dc3de4c800 4072       3       java.util.concurrent.locks.AbstractOwnableSynchronizer::setExclusiveOwnerThread (6 bytes)
Event: 42.689 Thread 0x000001dc3de4c800 nmethod 4072 0x000001dc2953dd10 code [0x000001dc2953de60, 0x000001dc2953dfd8]
Event: 42.689 Thread 0x000001dc3de4c800 4073       3       sun.misc.URLClassPath$1::<init> (45 bytes)
Event: 42.690 Thread 0x000001dc3de4c800 nmethod 4073 0x000001dc2953e050 code [0x000001dc2953e1c0, 0x000001dc2953e490]
Event: 42.696 Thread 0x000001dc3de49800 4074       4       sun.reflect.annotation.AnnotationInvocationHandler::invoke (277 bytes)

GC Heap History (10 events):
Event: 7.243 GC heap before
{Heap before GC invocations=9 (full 1):
 PSYoungGen      total 117248K, used 5100K [0x00000000d5580000, 0x00000000dcf80000, 0x0000000100000000)
  eden space 109568K, 0% used [0x00000000d5580000,0x00000000d5580000,0x00000000dc080000)
  from space 7680K, 66% used [0x00000000dc800000,0x00000000dccfb308,0x00000000dcf80000)
  to   space 7680K, 0% used [0x00000000dc080000,0x00000000dc080000,0x00000000dc800000)
 ParOldGen       total 72704K, used 6018K [0x0000000080000000, 0x0000000084700000, 0x00000000d5580000)
  object space 72704K, 8% used [0x0000000080000000,0x00000000805e0998,0x0000000084700000)
 Metaspace       used 20879K, capacity 21086K, committed 21296K, reserved 1069056K
  class space    used 2289K, capacity 2389K, committed 2432K, reserved 1048576K
Event: 7.330 GC heap after
Heap after GC invocations=9 (full 1):
 PSYoungGen      total 117248K, used 0K [0x00000000d5580000, 0x00000000dcf80000, 0x0000000100000000)
  eden space 109568K, 0% used [0x00000000d5580000,0x00000000d5580000,0x00000000dc080000)
  from space 7680K, 0% used [0x00000000dc800000,0x00000000dc800000,0x00000000dcf80000)
  to   space 7680K, 0% used [0x00000000dc080000,0x00000000dc080000,0x00000000dc800000)
 ParOldGen       total 50176K, used 8867K [0x0000000080000000, 0x0000000083100000, 0x00000000d5580000)
  object space 50176K, 17% used [0x0000000080000000,0x00000000808a8e20,0x0000000083100000)
 Metaspace       used 20879K, capacity 21086K, committed 21296K, reserved 1069056K
  class space    used 2289K, capacity 2389K, committed 2432K, reserved 1048576K
}
Event: 9.086 GC heap before
{Heap before GC invocations=10 (full 1):
 PSYoungGen      total 117248K, used 109568K [0x00000000d5580000, 0x00000000dcf80000, 0x0000000100000000)
  eden space 109568K, 100% used [0x00000000d5580000,0x00000000dc080000,0x00000000dc080000)
  from space 7680K, 0% used [0x00000000dc800000,0x00000000dc800000,0x00000000dcf80000)
  to   space 7680K, 0% used [0x00000000dc080000,0x00000000dc080000,0x00000000dc800000)
 ParOldGen       total 50176K, used 8867K [0x0000000080000000, 0x0000000083100000, 0x00000000d5580000)
  object space 50176K, 17% used [0x0000000080000000,0x00000000808a8e20,0x0000000083100000)
 Metaspace       used 23174K, capacity 23556K, committed 23808K, reserved 1071104K
  class space    used 2539K, capacity 2690K, committed 2816K, reserved 1048576K
Event: 9.095 GC heap after
Heap after GC invocations=10 (full 1):
 PSYoungGen      total 117248K, used 3886K [0x00000000d5580000, 0x00000000df400000, 0x0000000100000000)
  eden space 109568K, 0% used [0x00000000d5580000,0x00000000d5580000,0x00000000dc080000)
  from space 7680K, 50% used [0x00000000dc080000,0x00000000dc44bb70,0x00000000dc800000)
  to   space 7680K, 0% used [0x00000000dec80000,0x00000000dec80000,0x00000000df400000)
 ParOldGen       total 50176K, used 8867K [0x0000000080000000, 0x0000000083100000, 0x00000000d5580000)
  object space 50176K, 17% used [0x0000000080000000,0x00000000808a8e20,0x0000000083100000)
 Metaspace       used 23174K, capacity 23556K, committed 23808K, reserved 1071104K
  class space    used 2539K, capacity 2690K, committed 2816K, reserved 1048576K
}
Event: 10.178 GC heap before
{Heap before GC invocations=11 (full 1):
 PSYoungGen      total 117248K, used 113454K [0x00000000d5580000, 0x00000000df400000, 0x0000000100000000)
  eden space 109568K, 100% used [0x00000000d5580000,0x00000000dc080000,0x00000000dc080000)
  from space 7680K, 50% used [0x00000000dc080000,0x00000000dc44bb70,0x00000000dc800000)
  to   space 7680K, 0% used [0x00000000dec80000,0x00000000dec80000,0x00000000df400000)
 ParOldGen       total 50176K, used 8867K [0x0000000080000000, 0x0000000083100000, 0x00000000d5580000)
  object space 50176K, 17% used [0x0000000080000000,0x00000000808a8e20,0x0000000083100000)
 Metaspace       used 24960K, capacity 25324K, committed 25600K, reserved 1071104K
  class space    used 2822K, capacity 2957K, committed 3072K, reserved 1048576K
Event: 10.221 GC heap after
Heap after GC invocations=11 (full 1):
 PSYoungGen      total 153600K, used 7680K [0x00000000d5580000, 0x00000000dfa80000, 0x0000000100000000)
  eden space 145920K, 0% used [0x00000000d5580000,0x00000000d5580000,0x00000000de400000)
  from space 7680K, 100% used [0x00000000dec80000,0x00000000df400000,0x00000000df400000)
  to   space 8704K, 0% used [0x00000000de400000,0x00000000de400000,0x00000000dec80000)
 ParOldGen       total 50176K, used 9497K [0x0000000080000000, 0x0000000083100000, 0x00000000d5580000)
  object space 50176K, 18% used [0x0000000080000000,0x0000000080946420,0x0000000083100000)
 Metaspace       used 24960K, capacity 25324K, committed 25600K, reserved 1071104K
  class space    used 2822K, capacity 2957K, committed 3072K, reserved 1048576K
}
Event: 18.475 GC heap before
{Heap before GC invocations=12 (full 1):
 PSYoungGen      total 153600K, used 153600K [0x00000000d5580000, 0x00000000dfa80000, 0x0000000100000000)
  eden space 145920K, 100% used [0x00000000d5580000,0x00000000de400000,0x00000000de400000)
  from space 7680K, 100% used [0x00000000dec80000,0x00000000df400000,0x00000000df400000)
  to   space 8704K, 0% used [0x00000000de400000,0x00000000de400000,0x00000000dec80000)
 ParOldGen       total 50176K, used 9497K [0x0000000080000000, 0x0000000083100000, 0x00000000d5580000)
  object space 50176K, 18% used [0x0000000080000000,0x0000000080946420,0x0000000083100000)
 Metaspace       used 31768K, capacity 32684K, committed 33024K, reserved 1079296K
  class space    used 3754K, capacity 4000K, committed 4096K, reserved 1048576K
Event: 18.500 GC heap after
Heap after GC invocations=12 (full 1):
 PSYoungGen      total 154624K, used 7487K [0x00000000d5580000, 0x00000000e2780000, 0x0000000100000000)
  eden space 145920K, 0% used [0x00000000d5580000,0x00000000d5580000,0x00000000de400000)
  from space 8704K, 86% used [0x00000000de400000,0x00000000deb4ff48,0x00000000dec80000)
  to   space 9216K, 0% used [0x00000000e1e80000,0x00000000e1e80000,0x00000000e2780000)
 ParOldGen       total 50176K, used 16088K [0x0000000080000000, 0x0000000083100000, 0x00000000d5580000)
  object space 50176K, 32% used [0x0000000080000000,0x0000000080fb60b0,0x0000000083100000)
 Metaspace       used 31768K, capacity 32684K, committed 33024K, reserved 1079296K
  class space    used 3754K, capacity 4000K, committed 4096K, reserved 1048576K
}
Event: 24.048 GC heap before
{Heap before GC invocations=13 (full 1):
 PSYoungGen      total 154624K, used 153407K [0x00000000d5580000, 0x00000000e2780000, 0x0000000100000000)
  eden space 145920K, 100% used [0x00000000d5580000,0x00000000de400000,0x00000000de400000)
  from space 8704K, 86% used [0x00000000de400000,0x00000000deb4ff48,0x00000000dec80000)
  to   space 9216K, 0% used [0x00000000e1e80000,0x00000000e1e80000,0x00000000e2780000)
 ParOldGen       total 50176K, used 16088K [0x0000000080000000, 0x0000000083100000, 0x00000000d5580000)
  object space 50176K, 32% used [0x0000000080000000,0x0000000080fb60b0,0x0000000083100000)
 Metaspace       used 32345K, capacity 33356K, committed 33664K, reserved 1079296K
  class space    used 3800K, capacity 4110K, committed 4224K, reserved 1048576K
Event: 24.058 GC heap after
Heap after GC invocations=13 (full 1):
 PSYoungGen      total 195584K, used 902K [0x00000000d5580000, 0x00000000e2280000, 0x0000000100000000)
  eden space 191488K, 0% used [0x00000000d5580000,0x00000000d5580000,0x00000000e1080000)
  from space 4096K, 22% used [0x00000000e1e80000,0x00000000e1f619b0,0x00000000e2280000)
  to   space 9216K, 0% used [0x00000000e1080000,0x00000000e1080000,0x00000000e1980000)
 ParOldGen       total 50176K, used 19769K [0x0000000080000000, 0x0000000083100000, 0x00000000d5580000)
  object space 50176K, 39% used [0x0000000080000000,0x000000008134e678,0x0000000083100000)
 Metaspace       used 32345K, capacity 33356K, committed 33664K, reserved 1079296K
  class space    used 3800K, capacity 4110K, committed 4224K, reserved 1048576K
}

Deoptimization events (10 events):
Event: 14.624 Thread 0x000001dc26dc5000 Uncommon trap: reason=class_check action=maybe_recompile pc=0x000001dc292e5834 method=org.openqa.selenium.json.Input.init()V @ 18
Event: 14.624 Thread 0x000001dc26dc5000 Uncommon trap: reason=class_check action=maybe_recompile pc=0x000001dc292e5834 method=org.openqa.selenium.json.Input.init()V @ 18
Event: 14.624 Thread 0x000001dc26dc5000 Uncommon trap: reason=class_check action=maybe_recompile pc=0x000001dc292e5834 method=org.openqa.selenium.json.Input.init()V @ 18
Event: 14.624 Thread 0x000001dc26dc5000 Uncommon trap: reason=class_check action=maybe_recompile pc=0x000001dc292e5834 method=org.openqa.selenium.json.Input.init()V @ 18
Event: 17.473 Thread 0x000001dc26dc5000 Uncommon trap: reason=unstable_if action=reinterpret pc=0x000001dc293423b0 method=java.lang.Character.isHighSurrogate(C)Z @ 3
Event: 23.261 Thread 0x000001dc26dc5000 Uncommon trap: reason=unstable_if action=reinterpret pc=0x000001dc28a7072c method=java.util.regex.Matcher.appendReplacement(Ljava/lang/StringBuffer;Ljava/lang/String;)Ljava/util/regex/Matcher; @ 47
Event: 23.267 Thread 0x000001dc26dc5000 Uncommon trap: reason=unstable_if action=reinterpret pc=0x000001dc2906a024 method=groovyjarjarantlr.CharQueue.append(C)V @ 9
Event: 24.211 Thread 0x000001dc26dc5000 Uncommon trap: reason=range_check action=make_not_entrant pc=0x000001dc293017a4 method=java.lang.String.charAt(I)C @ 27
Event: 24.781 Thread 0x000001dc26dc5000 Uncommon trap: reason=class_check action=maybe_recompile pc=0x000001dc28917ed4 method=java.util.HashSet.contains(Ljava/lang/Object;)Z @ 5
Event: 24.781 Thread 0x000001dc26dc5000 Uncommon trap: reason=class_check action=maybe_recompile pc=0x000001dc28917ed4 method=java.util.HashSet.contains(Ljava/lang/Object;)Z @ 5

Classes redefined (0 events):
No events

Internal exceptions (10 events):
Event: 32.545 Thread 0x000001dc26dc5000 Exception <a 'java/security/PrivilegedActionException'> (0x00000000dd6b3288) thrown at [C:\jenkins\workspace\zulu-platform-build\zulu-src.git\hotspot\src\share\vm\prims\jvm.cpp, line 1514]
Event: 32.545 Thread 0x000001dc26dc5000 Exception <a 'java/security/PrivilegedActionException'> (0x00000000dd6b3868) thrown at [C:\jenkins\workspace\zulu-platform-build\zulu-src.git\hotspot\src\share\vm\prims\jvm.cpp, line 1514]
Event: 32.545 Thread 0x000001dc26dc5000 Exception <a 'java/security/PrivilegedActionException'> (0x00000000dd6c68d0) thrown at [C:\jenkins\workspace\zulu-platform-build\zulu-src.git\hotspot\src\share\vm\prims\jvm.cpp, line 1514]
Event: 32.545 Thread 0x000001dc26dc5000 Exception <a 'java/security/PrivilegedActionException'> (0x00000000dd6c6eb0) thrown at [C:\jenkins\workspace\zulu-platform-build\zulu-src.git\hotspot\src\share\vm\prims\jvm.cpp, line 1514]
Event: 32.669 Thread 0x000001dc26dc5000 Exception <a 'java/lang/ClassNotFoundException': Script1BeanInfo> (0x00000000dd889d38) thrown at [C:\jenkins\workspace\zulu-platform-build\zulu-src.git\hotspot\src\share\vm\classfile\systemDictionary.cpp, line 220]
Event: 32.673 Thread 0x000001dc26dc5000 Exception <a 'java/lang/ClassNotFoundException': Script1Customizer> (0x00000000dd9172d0) thrown at [C:\jenkins\workspace\zulu-platform-build\zulu-src.git\hotspot\src\share\vm\classfile\systemDictionary.cpp, line 220]
Event: 32.713 Thread 0x000001dc26dc5000 Exception <a 'java/net/SocketTimeoutException': Read timed out> (0x00000000ddb0f360) thrown at [C:\jenkins\workspace\zulu-platform-build\zulu-src.git\hotspot\src\share\vm\prims\jni.cpp, line 736]
Event: 32.946 Thread 0x000001dc26dc5000 Exception <a 'java/net/SocketTimeoutException': Read timed out> (0x00000000ddb287b0) thrown at [C:\jenkins\workspace\zulu-platform-build\zulu-src.git\hotspot\src\share\vm\prims\jni.cpp, line 736]
Event: 33.088 Thread 0x000001dc26dc5000 Exception <a 'java/net/SocketTimeoutException': Read timed out> (0x00000000ddb3d810) thrown at [C:\jenkins\workspace\zulu-platform-build\zulu-src.git\hotspot\src\share\vm\prims\jni.cpp, line 736]
Event: 33.119 Thread 0x000001dc26dc5000 Exception <a 'java/net/SocketTimeoutException': Read timed out> (0x00000000ddb60d70) thrown at [C:\jenkins\workspace\zulu-platform-build\zulu-src.git\hotspot\src\share\vm\prims\jni.cpp, line 736]

Events (10 events):
Event: 32.659 loading class Script1BeanInfo
Event: 32.659 loading class Script1BeanInfo done
Event: 32.669 loading class Script1BeanInfo
Event: 32.669 loading class Script1BeanInfo done
Event: 32.670 loading class Script1Customizer
Event: 32.670 loading class Script1Customizer done
Event: 32.671 loading class Script1Customizer
Event: 32.671 loading class Script1Customizer done
Event: 32.673 loading class Script1Customizer
Event: 32.673 loading class Script1Customizer done


Dynamic libraries:
0x00007ff72a0b0000 - 0x00007ff72a101000 	C:\Users\3380\Downloads\Katalon_Studio_Windows_64-8.6.5\Katalon_Studio_Windows_64-8.6.5\jre\bin\javaw.exe
0x00007ffd1d330000 - 0x00007ffd1d526000 	C:\Windows\SYSTEM32\ntdll.dll
0x00007ffd1be00000 - 0x00007ffd1bebd000 	C:\Windows\System32\KERNEL32.DLL
0x00007ffd1ac00000 - 0x00007ffd1aec8000 	C:\Windows\System32\KERNELBASE.dll
0x0000000052570000 - 0x0000000052603000 	C:\Windows\System32\SYSFER.DLL
0x00007ffd1cd70000 - 0x00007ffd1ce1c000 	C:\Windows\System32\ADVAPI32.dll
0x00007ffd1cec0000 - 0x00007ffd1cf5e000 	C:\Windows\System32\msvcrt.dll
0x00007ffd1c100000 - 0x00007ffd1c19b000 	C:\Windows\System32\sechost.dll
0x00007ffd1bfd0000 - 0x00007ffd1c0f4000 	C:\Windows\System32\RPCRT4.dll
0x00007ffd1c8f0000 - 0x00007ffd1ca90000 	C:\Windows\System32\USER32.dll
0x00007ffd1ab50000 - 0x00007ffd1ab72000 	C:\Windows\System32\win32u.dll
0x00007ffd1ce90000 - 0x00007ffd1ceba000 	C:\Windows\System32\GDI32.dll
0x00007ffd1b220000 - 0x00007ffd1b329000 	C:\Windows\System32\gdi32full.dll
0x00007ffd1b180000 - 0x00007ffd1b21d000 	C:\Windows\System32\msvcp_win.dll
0x00007ffd1b030000 - 0x00007ffd1b130000 	C:\Windows\System32\ucrtbase.dll
0x00007ffd18b40000 - 0x00007ffd18ddb000 	C:\Windows\WinSxS\amd64_microsoft.windows.common-controls_6595b64144ccf1df_6.0.19041.488_none_ca04af081b815d21\COMCTL32.dll
0x00007ffd1cf70000 - 0x00007ffd1cfa0000 	C:\Windows\System32\IMM32.DLL
0x00007ffd1a870000 - 0x00007ffd1a8a8000 	C:\Program Files\Citrix\System32\MfApHook64.dll
0x00007ffd1a7a0000 - 0x00007ffd1a7b2000 	C:\Program Files\Citrix\IcaService\FullScreenHook64.dll
0x00007ffd1a710000 - 0x00007ffd1a79e000 	C:\Windows\SYSTEM32\MSVCP140.dll
0x00007ffd1a6f0000 - 0x00007ffd1a70b000 	C:\Windows\SYSTEM32\VCRUNTIME140.dll
0x00007ffd1a6e0000 - 0x00007ffd1a6ec000 	C:\Windows\SYSTEM32\VCRUNTIME140_1.dll
0x00007ffd1a2c0000 - 0x00007ffd1a2ea000 	C:\Program Files\Citrix\ICAService\ShellHook64.dll
0x00007ffd1bd40000 - 0x00007ffd1bd95000 	C:\Windows\System32\SHLWAPI.dll
0x00007ffd1a1b0000 - 0x00007ffd1a2bf000 	C:\Program Files\Citrix\IcaService\SCardHook64.dll
0x00007ffd1a020000 - 0x00007ffd1a040000 	C:\Program Files\Citrix\ICAService\cxinjime64.dll
0x00007ffd19ff0000 - 0x00007ffd1a016000 	C:\Program Files\Citrix\ICAService\PicaWtsHook64.dll
0x0000000051bb0000 - 0x0000000052420000 	C:\Users\3380\Downloads\Katalon_Studio_Windows_64-8.6.5\Katalon_Studio_Windows_64-8.6.5\jre\bin\server\jvm.dll
0x00007ffd1bd30000 - 0x00007ffd1bd38000 	C:\Windows\System32\PSAPI.DLL
0x00007ffd13bc0000 - 0x00007ffd13bc9000 	C:\Windows\SYSTEM32\WSOCK32.dll
0x00007ffd1ce20000 - 0x00007ffd1ce8b000 	C:\Windows\System32\WS2_32.dll
0x00007ffd12ef0000 - 0x00007ffd12f17000 	C:\Windows\SYSTEM32\WINMM.dll
0x00007ffd1a650000 - 0x00007ffd1a65a000 	C:\Windows\SYSTEM32\VERSION.dll
0x00007ffd18a40000 - 0x00007ffd18a52000 	C:\Windows\SYSTEM32\kernel.appcore.dll
0x00007ffd0db20000 - 0x00007ffd0db30000 	C:\Users\3380\Downloads\Katalon_Studio_Windows_64-8.6.5\Katalon_Studio_Windows_64-8.6.5\jre\bin\verify.dll
0x00007ffd09960000 - 0x00007ffd0998b000 	C:\Users\3380\Downloads\Katalon_Studio_Windows_64-8.6.5\Katalon_Studio_Windows_64-8.6.5\jre\bin\java.dll
0x00007ffd0bd90000 - 0x00007ffd0bda8000 	C:\Users\3380\Downloads\Katalon_Studio_Windows_64-8.6.5\Katalon_Studio_Windows_64-8.6.5\jre\bin\zip.dll
0x00007ffd1c1a0000 - 0x00007ffd1c8e1000 	C:\Windows\System32\SHELL32.dll
0x00007ffd17b90000 - 0x00007ffd18325000 	C:\Windows\SYSTEM32\windows.storage.dll
0x00007ffd1b390000 - 0x00007ffd1b6e5000 	C:\Windows\System32\combase.dll
0x00007ffd19c50000 - 0x00007ffd19c7c000 	C:\Windows\SYSTEM32\Wldp.dll
0x00007ffd1cfa0000 - 0x00007ffd1d04e000 	C:\Windows\System32\SHCORE.dll
0x00007ffd1a9a0000 - 0x00007ffd1a9c6000 	C:\Windows\SYSTEM32\profapi.dll
0x00007ffd0b7d0000 - 0x00007ffd0b7ec000 	C:\Users\3380\Downloads\Katalon_Studio_Windows_64-8.6.5\Katalon_Studio_Windows_64-8.6.5\jre\bin\net.dll
0x00007ffd199c0000 - 0x00007ffd19a2a000 	C:\Windows\system32\mswsock.dll
0x00007ffd05cd0000 - 0x00007ffd05ce3000 	C:\Users\3380\Downloads\Katalon_Studio_Windows_64-8.6.5\Katalon_Studio_Windows_64-8.6.5\jre\bin\nio.dll
0x00007ffd19700000 - 0x00007ffd197cb000 	C:\Windows\SYSTEM32\DNSAPI.dll
0x00007ffd196c0000 - 0x00007ffd196fb000 	C:\Windows\SYSTEM32\IPHLPAPI.DLL
0x00007ffd1cf60000 - 0x00007ffd1cf68000 	C:\Windows\System32\NSI.dll
0x00007ffd12010000 - 0x00007ffd1201a000 	C:\Windows\System32\rasadhlp.dll
0x00007ffd142f0000 - 0x00007ffd1436f000 	C:\Windows\System32\fwpuclnt.dll
0x00007ffd1ab20000 - 0x00007ffd1ab47000 	C:\Windows\System32\bcrypt.dll
0x00007ffd00240000 - 0x00007ffd00264000 	C:\Users\3380\Downloads\Katalon_Studio_Windows_64-8.6.5\Katalon_Studio_Windows_64-8.6.5\jre\bin\sunec.dll
0x00007ffd10400000 - 0x00007ffd1040d000 	C:\Users\3380\Downloads\Katalon_Studio_Windows_64-8.6.5\Katalon_Studio_Windows_64-8.6.5\jre\bin\sunmscapi.dll
0x00007ffd1aed0000 - 0x00007ffd1b02d000 	C:\Windows\System32\CRYPT32.dll
0x00007ffd19cc0000 - 0x00007ffd19ce7000 	C:\Windows\SYSTEM32\ncrypt.dll
0x00007ffd19c80000 - 0x00007ffd19cbb000 	C:\Windows\SYSTEM32\NTASN1.dll
0x00007ffd19b90000 - 0x00007ffd19ba8000 	C:\Windows\SYSTEM32\CRYPTSP.dll
0x00007ffd19260000 - 0x00007ffd19294000 	C:\Windows\system32\rsaenh.dll
0x00007ffd1a8d0000 - 0x00007ffd1a8fe000 	C:\Windows\SYSTEM32\USERENV.dll
0x00007ffd1ab80000 - 0x00007ffd1abff000 	C:\Windows\System32\bcryptprimitives.dll
0x00007ffd19bb0000 - 0x00007ffd19bbc000 	C:\Windows\SYSTEM32\CRYPTBASE.dll
0x00007ffd14390000 - 0x00007ffd143a7000 	C:\Windows\SYSTEM32\dhcpcsvc6.DLL
0x00007ffd14140000 - 0x00007ffd1415d000 	C:\Windows\SYSTEM32\dhcpcsvc.DLL

VM Arguments:
jvm_args: -Dgroovy.home=C:\Users\3380/.groovy -Djava.system.class.loader=groovy.lang.GroovyClassLoader -Xmx2048m -Dfile.encoding=UTF-8 
java_command: org.codehaus.groovy.tools.GroovyStarter --classpath C:\Users\3380\Katalon Studio\My Project\bin\keyword;C:\Users\3380\Katalon Studio\My Project\Keywords;C:\Users\3380\Katalon Studio\My Project\bin\listener;C:\Users\3380\Katalon Studio\My Project\Test Listeners;C:\Users\3380\Katalon Studio\My Project\bin\lib;C:\Users\3380\Katalon Studio\My Project\Libs;C:\Users\3380\Katalon Studio\My Project\bin\groovy;C:\Users\3380\Katalon Studio\My Project\Include\scripts\groovy;C:\Users\3380\Downloads\Katalon_Studio_Windows_64-8.6.5\Katalon_Studio_Windows_64-8.6.5\plugins\com.kms.katalon.core_1.0.0.202305240718.jar;C:\Users\3380\Downloads\Katalon_Studio_Windows_64-8.6.5\Katalon_Studio_Windows_64-8.6.5\configuration\resources\lib\aalto-xml-1.0.0.jar;C:\Users\3380\Downloads\Katalon_Studio_Windows_64-8.6.5\Katalon_Studio_Windows_64-8.6.5\configuration\resources\lib\aspectjweaver-1.9.1.jar;C:\Users\3380\Downloads\Katalon_Studio_Windows_64-8.6.5\Katalon_Studio_Windows_64-8.6.5\configuration\resources\lib\bcpkix-jdk15on-1.64.jar;C:\Users\3380\Downloads\Katalon_Studio_Windows_64-8.6.5\Katalon_Studio_Windows_64-8.6.5\configuration\resources\lib\bcprov-jdk15on-1.64.jar;C:\Users\3380\Downloads\Katalon_Studio_Windows_64-8.6.5\Katalon_Studio_Windows_64-8.6.5\configuration\resources\lib\browsermob-core-2.1.5.jar;C:\Users\3380\Downloads\Katalon_Studio_Windows_64-8.6.5\Katalon_Studio_Windows_64-8.6.5\configuration\resources\lib\cglib-3.2.10.jar;C:\Users\3380\Downloads\Katalon_Studio_Windows_64-8.6.5\Katalon_Studio_Windows_64-8.6.5\configuration\resources\lib\commons-codec-1.10.jar;C:\Users\3380\Downloads\Katalon_Studio_Windows_64-8.6.5\Katalon_Studio_Windows_64-8.6.5\configuration\resources\lib\commons-collections4-4.1.jar;C:\Users\3380\Downloads\Katalon_Studio_Windows_64-8.6.5\Katalon_Studio_Windows_64-8.6.5\configuration\resources\lib\commons-validator-1.6.jar;C:\Users\3380\Downloads\Katalon_Studio_Windows_64-8.6.5\Katalon_Studio_Windows_64-8.6.5\configuration\resources\lib\cur
java_class_path (initial): C:\Users\3380\Katalon Studio\My Project\bin\keyword;C:\Users\3380\Katalon Studio\My Project\bin\listener;C:\Users\3380\Katalon Studio\My Project\bin\lib;C:\Users\3380\Katalon Studio\My Project\bin\groovy;C:\Users\3380\Katalon Studio\My Project\bin;C:\Users\3380\Downloads\Katalon_Studio_Windows_64-8.6.5\Katalon_Studio_Windows_64-8.6.5\plugins\com.kms.katalon.core_1.0.0.202305240718.jar;C:\Users\3380\Downloads\Katalon_Studio_Windows_64-8.6.5\Katalon_Studio_Windows_64-8.6.5\configuration\resources\lib\aalto-xml-1.0.0.jar;C:\Users\3380\Downloads\Katalon_Studio_Windows_64-8.6.5\Katalon_Studio_Windows_64-8.6.5\configuration\resources\lib\aspectjweaver-1.9.1.jar;C:\Users\3380\Downloads\Katalon_Studio_Windows_64-8.6.5\Katalon_Studio_Windows_64-8.6.5\configuration\resources\lib\bcpkix-jdk15on-1.64.jar;C:\Users\3380\Downloads\Katalon_Studio_Windows_64-8.6.5\Katalon_Studio_Windows_64-8.6.5\configuration\resources\lib\bcprov-jdk15on-1.64.jar;C:\Users\3380\Downloads\Katalon_Studio_Windows_64-8.6.5\Katalon_Studio_Windows_64-8.6.5\configuration\resources\lib\browsermob-core-2.1.5.jar;C:\Users\3380\Downloads\Katalon_Studio_Windows_64-8.6.5\Katalon_Studio_Windows_64-8.6.5\configuration\resources\lib\cglib-3.2.10.jar;C:\Users\3380\Downloads\Katalon_Studio_Windows_64-8.6.5\Katalon_Studio_Windows_64-8.6.5\configuration\resources\lib\commons-codec-1.10.jar;C:\Users\3380\Downloads\Katalon_Studio_Windows_64-8.6.5\Katalon_Studio_Windows_64-8.6.5\configuration\resources\lib\commons-collections4-4.1.jar;C:\Users\3380\Downloads\Katalon_Studio_Windows_64-8.6.5\Katalon_Studio_Windows_64-8.6.5\configuration\resources\lib\commons-validator-1.6.jar;C:\Users\3380\Downloads\Katalon_Studio_Windows_64-8.6.5\Katalon_Studio_Windows_64-8.6.5\configuration\resources\lib\curvesapi-1.04.jar;C:\Users\3380\Downloads\Katalon_Studio_Windows_64-8.6.5\Katalon_Studio_Windows_64-8.6.5\configuration\resources\lib\dnsjava-2.1.8.jar;C:\Users\3380\Downloads\Katalon_Studio_Windows_64-8.6.5\K
Launcher Type: SUN_STANDARD

Environment Variables:
JAVA_HOME=C:\jdk-17.0.1\bin
PATH=C:/Users/3380/Downloads/Katalon_Studio_Windows_64-8.6.5/Katalon_Studio_Windows_64-8.6.5/jre/bin/server;C:/Users/3380/Downloads/Katalon_Studio_Windows_64-8.6.5/Katalon_Studio_Windows_64-8.6.5/jre/bin;C:/Users/3380/Downloads/Katalon_Studio_Windows_64-8.6.5/Katalon_Studio_Windows_64-8.6.5/jre/lib/amd64;C:\Program Files (x86)\Microsoft SDKs\Azure\CLI2\wbin;C:\Windows\system32;C:\Windows;C:\Windows\System32\Wbem;C:\Windows\System32\WindowsPowerShell\v1.0\;C:\Windows\System32\OpenSSH\;C:\Program Files\Citrix\System32\;C:\Program Files\Citrix\ICAService\;C:\Program Files\Citrix\Virtual Desktop Agent\;C:\jdk-17.0.1\bin;;C:\Program Files\Microsoft VS Code\bin;C:\Program Files\Docker\Docker\resources\bin;C:\Users\3380\AppData\Local\Microsoft\WindowsApps;;C:\Users\3380\Downloads\Katalon_Studio_Windows_64-8.6.5\Katalon_Studio_Windows_64-8.6.5;
USERNAME=3380
OS=Windows_NT
PROCESSOR_IDENTIFIER=Intel64 Family 6 Model 85 Stepping 7, GenuineIntel



---------------  S Y S T E M  ---------------

OS: Windows 10 , 64 bit Build 19041 (10.0.19041.546)
Xen hardware-assisted virtualization detected

CPU:total 2 (initial active 2) (4 cores per cpu, 1 threads per core) family 6 model 85 stepping 7, cmov, cx8, fxsr, mmx, sse, sse2, sse3, ssse3, sse4.1, sse4.2, popcnt, avx, avx2, aes, clmul, erms, 3dnowpref, lzcnt, tsc, bmi1, bmi2, adx

Memory: 4k page, physical 6912048k(210964k free), swap 9745808k(5120k free)

vm_info: OpenJDK 64-Bit Server VM (25.362-b09) for windows-amd64 JRE (Zulu 8.68.0.21-CA-win64) (1.8.0_362-b09), built on Jan 19 2023 16:49:02 by "tester" with MS VC++ 15.9 (VS2017)

time: Fri Jul  7 15:03:00 2023
timezone: India Standard Time
elapsed time: 42.717504 seconds (0d 0h 0m 42s)

