#
# There is insufficient memory for the Java Runtime Environment to continue.
# Native memory allocation (malloc) failed to allocate 32784 bytes for Chunk::new
# Possible reasons:
#   The system is out of physical RAM or swap space
#   The process is running with CompressedOops enabled, and the Java Heap may be blocking the growth of the native heap
# Possible solutions:
#   Reduce memory load on the system
#   Increase physical memory or swap space
#   Check if swap backing store is full
#   Decrease Java heap size (-Xmx/-Xms)
#   Decrease number of Java threads
#   Decrease Java thread stack sizes (-Xss)
#   Set larger code cache with -XX:ReservedCodeCacheSize=
#   JVM is running with Unscaled Compressed Oops mode in which the Java heap is
#     placed in the first 4GB address space. The Java Heap base address is the
#     maximum limit for the native heap growth. Please use -XX:HeapBaseMinAddress
#     to set the Java Heap base and to place the Java Heap above 4GB virtual address.
# This output file may be truncated or incomplete.
#
#  Out of Memory Error (allocation.cpp:389), pid=10900, tid=0x0000000000000604
#
# JRE version: OpenJDK Runtime Environment (Zulu 8.68.0.21-CA-win64) (8.0_362-b09) (build 1.8.0_362-b09)
# Java VM: OpenJDK 64-Bit Server VM (25.362-b09 mixed mode windows-amd64 compressed oops)
# Failed to write core dump. Minidumps are not enabled by default on client versions of Windows
#

---------------  T H R E A D  ---------------

Current thread (0x0000020197fc7800):  JavaThread "C2 CompilerThread0" daemon [_thread_in_native, id=1540, stack(0x000000d1e5800000,0x000000d1e5900000)]

Stack: [0x000000d1e5800000,0x000000d1e5900000]
[error occurred during error reporting (printing stack bounds), id 0xc0000005]

Native frames: (J=compiled Java code, j=interpreted, Vv=VM code, C=native code)


Current CompileTask:
C2:  26947 3334       4       java.util.regex.Pattern::compile (406 bytes)


---------------  P R O C E S S  ---------------

Java Threads: ( => current thread )
  0x00000201987ba800 JavaThread "Okio Watchdog" daemon [_thread_blocked, id=17052, stack(0x000000d1e6400000,0x000000d1e6500000)]
  0x000002019900a800 JavaThread "OkHttp ConnectionPool" daemon [_thread_blocked, id=15808, stack(0x000000d1e6300000,0x000000d1e6400000)]
  0x00000201982f7000 JavaThread "Exec Stream Pumper" daemon [_thread_in_native, id=16316, stack(0x000000d1e6000000,0x000000d1e6100000)]
  0x00000201994db800 JavaThread "Exec Stream Pumper" daemon [_thread_in_native, id=10784, stack(0x000000d1e5f00000,0x000000d1e6000000)]
  0x0000020199eaf000 JavaThread "UrlChecker-2" daemon [_thread_blocked, id=16492, stack(0x000000d1e5d00000,0x000000d1e5e00000)]
  0x0000020199c83800 JavaThread "Exec Default Executor" daemon [_thread_in_native, id=9228, stack(0x000000d1e5c00000,0x000000d1e5d00000)]
  0x0000020198015000 JavaThread "Service Thread" daemon [_thread_blocked, id=12880, stack(0x000000d1e5a00000,0x000000d1e5b00000)]
  0x0000020198009800 JavaThread "C1 CompilerThread1" daemon [_thread_blocked, id=10464, stack(0x000000d1e5900000,0x000000d1e5a00000)]
=>0x0000020197fc7800 JavaThread "C2 CompilerThread0" daemon [_thread_in_native, id=1540, stack(0x000000d1e5800000,0x000000d1e5900000)]
  0x0000020197fc4000 JavaThread "Attach Listener" daemon [_thread_blocked, id=3260, stack(0x000000d1e5700000,0x000000d1e5800000)]
  0x0000020198049800 JavaThread "Signal Dispatcher" daemon [_thread_blocked, id=7428, stack(0x000000d1e5600000,0x000000d1e5700000)]
  0x000002018295d800 JavaThread "Finalizer" daemon [_thread_blocked, id=6196, stack(0x000000d1e5500000,0x000000d1e5600000)]
  0x0000020197167000 JavaThread "Reference Handler" daemon [_thread_blocked, id=14044, stack(0x000000d1e5400000,0x000000d1e5500000)]
  0x0000020180e96000 JavaThread "main" [_thread_in_Java, id=15580, stack(0x000000d1e5000000,0x000000d1e5100000)]

Other Threads:
  0x000002018294b000 VMThread [stack: 0x000000d1e5300000,0x000000d1e5400000] [id=3400]
  0x0000020198093000 WatcherThread [stack: 0x000000d1e5b00000,0x000000d1e5c00000] [id=6188]

VM state:not at safepoint (normal execution)

VM Mutex/Monitor currently owned by a thread: None

heap address: 0x0000000080000000, size: 2048 MB, Compressed Oops mode: 32-bit
Narrow klass base: 0x0000000000000000, Narrow klass shift: 3
Compressed class space size: 1073741824 Address: 0x0000000100000000

Heap:
 PSYoungGen      total 221696K, used 89129K [0x00000000d5580000, 0x00000000e5380000, 0x0000000100000000)
  eden space 213504K, 37% used [0x00000000d5580000,0x00000000da4908d0,0x00000000e2600000)
  from space 8192K, 99% used [0x00000000e2600000,0x00000000e2df9de8,0x00000000e2e00000)
  to   space 11776K, 0% used [0x00000000e4800000,0x00000000e4800000,0x00000000e5380000)
 ParOldGen       total 50688K, used 16521K [0x0000000080000000, 0x0000000083180000, 0x00000000d5580000)
  object space 50688K, 32% used [0x0000000080000000,0x00000000810225d0,0x0000000083180000)
 Metaspace       used 31548K, capacity 32543K, committed 32768K, reserved 1077248K
  class space    used 3709K, capacity 3981K, committed 4096K, reserved 1048576K

Card table byte_map: [0x0000020191d30000,0x0000020192140000] byte_map_base: 0x0000020191930000

Marking Bits: (ParMarkBitMap*) 0x00000000523a5390
 Begin Bits: [0x00000201923f0000, 0x00000201943f0000)
 End Bits:   [0x00000201943f0000, 0x00000201963f0000)

Polling page: 0x0000020182840000

CodeCache: size=245760Kb used=11910Kb max_used=12068Kb free=233849Kb
 bounds [0x0000020182970000, 0x0000020183540000, 0x0000020191970000]
 total_blobs=3712 nmethods=3010 adapters=612
 compilation: enabled

Compilation events (10 events):
Event: 26.921 Thread 0x0000020198009800 3330       3       org.dom4j.tree.DefaultElement::element (115 bytes)
Event: 26.922 Thread 0x0000020198009800 nmethod 3330 0x0000020182ac3c90 code [0x0000020182ac3ea0, 0x0000020182ac4ce0]
Event: 26.923 Thread 0x0000020198009800 3331       3       org.dom4j.tree.DefaultElement::getText (30 bytes)
Event: 26.923 Thread 0x0000020198009800 nmethod 3331 0x0000020182ac3650 code [0x0000020182ac37e0, 0x0000020182ac3bc0]
Event: 26.923 Thread 0x0000020198009800 3332       3       org.dom4j.tree.AbstractElement::elementText (21 bytes)
Event: 26.924 Thread 0x0000020198009800 nmethod 3332 0x0000020182ac3090 code [0x0000020182ac3220, 0x0000020182ac3560]
Event: 26.924 Thread 0x0000020198009800 3333       3       org.apache.commons.lang.StringEscapeUtils::unescapeXml (14 bytes)
Event: 26.924 Thread 0x0000020198009800 nmethod 3333 0x0000020182ac2c90 code [0x0000020182ac2e00, 0x0000020182ac2ff0]
Event: 26.927 Thread 0x0000020197fc7800 nmethod 3329 0x0000020182abd850 code [0x0000020182abd9a0, 0x0000020182abde78]
Event: 26.927 Thread 0x0000020197fc7800 3334       4       java.util.regex.Pattern::compile (406 bytes)

GC Heap History (10 events):
Event: 5.577 GC heap before
{Heap before GC invocations=6 (full 0):
 PSYoungGen      total 59392K, used 59386K [0x00000000d5580000, 0x00000000dcf80000, 0x0000000100000000)
  eden space 55296K, 100% used [0x00000000d5580000,0x00000000d8b80000,0x00000000d8b80000)
  from space 4096K, 99% used [0x00000000d8b80000,0x00000000d8f7e9d8,0x00000000d8f80000)
  to   space 7168K, 0% used [0x00000000dc880000,0x00000000dc880000,0x00000000dcf80000)
 ParOldGen       total 72704K, used 4432K [0x0000000080000000, 0x0000000084700000, 0x00000000d5580000)
  object space 72704K, 6% used [0x0000000080000000,0x0000000080454160,0x0000000084700000)
 Metaspace       used 20251K, capacity 20548K, committed 20864K, reserved 1067008K
  class space    used 2257K, capacity 2379K, committed 2432K, reserved 1048576K
Event: 5.600 GC heap after
Heap after GC invocations=6 (full 0):
 PSYoungGen      total 116224K, used 7143K [0x00000000d5580000, 0x00000000dd280000, 0x0000000100000000)
  eden space 109056K, 0% used [0x00000000d5580000,0x00000000d5580000,0x00000000dc000000)
  from space 7168K, 99% used [0x00000000dc880000,0x00000000dcf79ed8,0x00000000dcf80000)
  to   space 8704K, 0% used [0x00000000dc000000,0x00000000dc000000,0x00000000dc880000)
 ParOldGen       total 72704K, used 4928K [0x0000000080000000, 0x0000000084700000, 0x00000000d5580000)
  object space 72704K, 6% used [0x0000000080000000,0x00000000804d03b8,0x0000000084700000)
 Metaspace       used 20251K, capacity 20548K, committed 20864K, reserved 1067008K
  class space    used 2257K, capacity 2379K, committed 2432K, reserved 1048576K
}
Event: 5.998 GC heap before
{Heap before GC invocations=7 (full 0):
 PSYoungGen      total 116224K, used 39916K [0x00000000d5580000, 0x00000000dd280000, 0x0000000100000000)
  eden space 109056K, 30% used [0x00000000d5580000,0x00000000d75811e8,0x00000000dc000000)
  from space 7168K, 99% used [0x00000000dc880000,0x00000000dcf79ed8,0x00000000dcf80000)
  to   space 8704K, 0% used [0x00000000dc000000,0x00000000dc000000,0x00000000dc880000)
 ParOldGen       total 72704K, used 4928K [0x0000000080000000, 0x0000000084700000, 0x00000000d5580000)
  object space 72704K, 6% used [0x0000000080000000,0x00000000804d03b8,0x0000000084700000)
 Metaspace       used 20782K, capacity 21097K, committed 21296K, reserved 1069056K
  class space    used 2302K, capacity 2432K, committed 2432K, reserved 1048576K
Event: 6.018 GC heap after
Heap after GC invocations=7 (full 0):
 PSYoungGen      total 117760K, used 4055K [0x00000000d5580000, 0x00000000e3a80000, 0x0000000100000000)
  eden space 109056K, 0% used [0x00000000d5580000,0x00000000d5580000,0x00000000dc000000)
  from space 8704K, 46% used [0x00000000dc000000,0x00000000dc3f5ee8,0x00000000dc880000)
  to   space 8192K, 0% used [0x00000000e3280000,0x00000000e3280000,0x00000000e3a80000)
 ParOldGen       total 72704K, used 7552K [0x0000000080000000, 0x0000000084700000, 0x00000000d5580000)
  object space 72704K, 10% used [0x0000000080000000,0x0000000080760088,0x0000000084700000)
 Metaspace       used 20782K, capacity 21097K, committed 21296K, reserved 1069056K
  class space    used 2302K, capacity 2432K, committed 2432K, reserved 1048576K
}
Event: 6.018 GC heap before
{Heap before GC invocations=8 (full 1):
 PSYoungGen      total 117760K, used 4055K [0x00000000d5580000, 0x00000000e3a80000, 0x0000000100000000)
  eden space 109056K, 0% used [0x00000000d5580000,0x00000000d5580000,0x00000000dc000000)
  from space 8704K, 46% used [0x00000000dc000000,0x00000000dc3f5ee8,0x00000000dc880000)
  to   space 8192K, 0% used [0x00000000e3280000,0x00000000e3280000,0x00000000e3a80000)
 ParOldGen       total 72704K, used 7552K [0x0000000080000000, 0x0000000084700000, 0x00000000d5580000)
  object space 72704K, 10% used [0x0000000080000000,0x0000000080760088,0x0000000084700000)
 Metaspace       used 20782K, capacity 21097K, committed 21296K, reserved 1069056K
  class space    used 2302K, capacity 2432K, committed 2432K, reserved 1048576K
Event: 6.102 GC heap after
Heap after GC invocations=8 (full 1):
 PSYoungGen      total 117760K, used 0K [0x00000000d5580000, 0x00000000e3a80000, 0x0000000100000000)
  eden space 109056K, 0% used [0x00000000d5580000,0x00000000d5580000,0x00000000dc000000)
  from space 8704K, 0% used [0x00000000dc000000,0x00000000dc000000,0x00000000dc880000)
  to   space 8192K, 0% used [0x00000000e3280000,0x00000000e3280000,0x00000000e3a80000)
 ParOldGen       total 50688K, used 10124K [0x0000000080000000, 0x0000000083180000, 0x00000000d5580000)
  object space 50688K, 19% used [0x0000000080000000,0x00000000809e31f8,0x0000000083180000)
 Metaspace       used 20782K, capacity 21097K, committed 21296K, reserved 1069056K
  class space    used 2302K, capacity 2432K, committed 2432K, reserved 1048576K
}
Event: 7.434 GC heap before
{Heap before GC invocations=9 (full 1):
 PSYoungGen      total 117760K, used 109056K [0x00000000d5580000, 0x00000000e3a80000, 0x0000000100000000)
  eden space 109056K, 100% used [0x00000000d5580000,0x00000000dc000000,0x00000000dc000000)
  from space 8704K, 0% used [0x00000000dc000000,0x00000000dc000000,0x00000000dc880000)
  to   space 8192K, 0% used [0x00000000e3280000,0x00000000e3280000,0x00000000e3a80000)
 ParOldGen       total 50688K, used 10124K [0x0000000080000000, 0x0000000083180000, 0x00000000d5580000)
  object space 50688K, 19% used [0x0000000080000000,0x00000000809e31f8,0x0000000083180000)
 Metaspace       used 22947K, capacity 23299K, committed 23680K, reserved 1071104K
  class space    used 2511K, capacity 2651K, committed 2688K, reserved 1048576K
Event: 7.441 GC heap after
Heap after GC invocations=9 (full 1):
 PSYoungGen      total 180224K, used 3189K [0x00000000d5580000, 0x00000000e3600000, 0x0000000100000000)
  eden space 176640K, 0% used [0x00000000d5580000,0x00000000d5580000,0x00000000e0200000)
  from space 3584K, 88% used [0x00000000e3280000,0x00000000e359d5d8,0x00000000e3600000)
  to   space 8192K, 0% used [0x00000000e2600000,0x00000000e2600000,0x00000000e2e00000)
 ParOldGen       total 50688K, used 10132K [0x0000000080000000, 0x0000000083180000, 0x00000000d5580000)
  object space 50688K, 19% used [0x0000000080000000,0x00000000809e51f8,0x0000000083180000)
 Metaspace       used 22947K, capacity 23299K, committed 23680K, reserved 1071104K
  class space    used 2511K, capacity 2651K, committed 2688K, reserved 1048576K
}
Event: 13.244 GC heap before
{Heap before GC invocations=10 (full 1):
 PSYoungGen      total 180224K, used 179829K [0x00000000d5580000, 0x00000000e3600000, 0x0000000100000000)
  eden space 176640K, 100% used [0x00000000d5580000,0x00000000e0200000,0x00000000e0200000)
  from space 3584K, 88% used [0x00000000e3280000,0x00000000e359d5d8,0x00000000e3600000)
  to   space 8192K, 0% used [0x00000000e2600000,0x00000000e2600000,0x00000000e2e00000)
 ParOldGen       total 50688K, used 10132K [0x0000000080000000, 0x0000000083180000, 0x00000000d5580000)
  object space 50688K, 19% used [0x0000000080000000,0x00000000809e51f8,0x0000000083180000)
 Metaspace       used 30977K, capacity 31925K, committed 32128K, reserved 1077248K
  class space    used 3662K, capacity 3928K, committed 3968K, reserved 1048576K
Event: 13.268 GC heap after
Heap after GC invocations=10 (full 1):
 PSYoungGen      total 221696K, used 8167K [0x00000000d5580000, 0x00000000e5380000, 0x0000000100000000)
  eden space 213504K, 0% used [0x00000000d5580000,0x00000000d5580000,0x00000000e2600000)
  from space 8192K, 99% used [0x00000000e2600000,0x00000000e2df9de8,0x00000000e2e00000)
  to   space 11776K, 0% used [0x00000000e4800000,0x00000000e4800000,0x00000000e5380000)
 ParOldGen       total 50688K, used 16521K [0x0000000080000000, 0x0000000083180000, 0x00000000d5580000)
  object space 50688K, 32% used [0x0000000080000000,0x00000000810225d0,0x0000000083180000)
 Metaspace       used 30977K, capacity 31925K, committed 32128K, reserved 1077248K
  class space    used 3662K, capacity 3928K, committed 3968K, reserved 1048576K
}

Deoptimization events (10 events):
Event: 10.640 Thread 0x0000020180e96000 Uncommon trap: reason=bimorphic action=maybe_recompile pc=0x0000020182a826f4 method=java.util.regex.Matcher.search(I)Z @ 86
Event: 10.915 Thread 0x0000020180e96000 Uncommon trap: reason=class_check action=maybe_recompile pc=0x0000020182a78d94 method=java.util.HashSet.contains(Ljava/lang/Object;)Z @ 5
Event: 10.916 Thread 0x0000020180e96000 Uncommon trap: reason=class_check action=maybe_recompile pc=0x0000020182a78d94 method=java.util.HashSet.contains(Ljava/lang/Object;)Z @ 5
Event: 13.038 Thread 0x0000020180e96000 Uncommon trap: reason=class_check action=maybe_recompile pc=0x00000201834e9374 method=org.openqa.selenium.json.Input.init()V @ 18
Event: 13.038 Thread 0x0000020180e96000 Uncommon trap: reason=class_check action=maybe_recompile pc=0x00000201834e9374 method=org.openqa.selenium.json.Input.init()V @ 18
Event: 13.038 Thread 0x0000020180e96000 Uncommon trap: reason=class_check action=maybe_recompile pc=0x00000201834e9374 method=org.openqa.selenium.json.Input.init()V @ 18
Event: 13.038 Thread 0x0000020180e96000 Uncommon trap: reason=class_check action=maybe_recompile pc=0x00000201834e9374 method=org.openqa.selenium.json.Input.init()V @ 18
Event: 13.164 Thread 0x0000020180e96000 Uncommon trap: reason=bimorphic action=maybe_recompile pc=0x00000201830aa520 method=java.util.HashMap.putVal(ILjava/lang/Object;Ljava/lang/Object;ZZ)Ljava/lang/Object; @ 203
Event: 13.165 Thread 0x0000020180e96000 Uncommon trap: reason=bimorphic action=maybe_recompile pc=0x00000201830aa520 method=java.util.HashMap.putVal(ILjava/lang/Object;Ljava/lang/Object;ZZ)Ljava/lang/Object; @ 203
Event: 13.165 Thread 0x0000020180e96000 Uncommon trap: reason=bimorphic action=maybe_recompile pc=0x00000201830aa520 method=java.util.HashMap.putVal(ILjava/lang/Object;Ljava/lang/Object;ZZ)Ljava/lang/Object; @ 203

Classes redefined (0 events):
No events

Internal exceptions (10 events):
Event: 26.847 Thread 0x0000020180e96000 Exception <a 'java/security/PrivilegedActionException'> (0x00000000d9c53850) thrown at [C:\jenkins\workspace\zulu-platform-build\zulu-src.git\hotspot\src\share\vm\prims\jvm.cpp, line 1514]
Event: 26.847 Thread 0x0000020180e96000 Exception <a 'java/security/PrivilegedActionException'> (0x00000000d9c53e30) thrown at [C:\jenkins\workspace\zulu-platform-build\zulu-src.git\hotspot\src\share\vm\prims\jvm.cpp, line 1514]
Event: 26.847 Thread 0x0000020180e96000 Exception <a 'java/security/PrivilegedActionException'> (0x00000000d9c66548) thrown at [C:\jenkins\workspace\zulu-platform-build\zulu-src.git\hotspot\src\share\vm\prims\jvm.cpp, line 1514]
Event: 26.847 Thread 0x0000020180e96000 Exception <a 'java/security/PrivilegedActionException'> (0x00000000d9c66b28) thrown at [C:\jenkins\workspace\zulu-platform-build\zulu-src.git\hotspot\src\share\vm\prims\jvm.cpp, line 1514]
Event: 26.858 Thread 0x0000020180e96000 Exception <a 'java/security/PrivilegedActionException'> (0x00000000d9e852f0) thrown at [C:\jenkins\workspace\zulu-platform-build\zulu-src.git\hotspot\src\share\vm\prims\jvm.cpp, line 1514]
Event: 26.858 Thread 0x0000020180e96000 Exception <a 'java/security/PrivilegedActionException'> (0x00000000d9e858d0) thrown at [C:\jenkins\workspace\zulu-platform-build\zulu-src.git\hotspot\src\share\vm\prims\jvm.cpp, line 1514]
Event: 26.860 Thread 0x0000020180e96000 Exception <a 'java/security/PrivilegedActionException'> (0x00000000d9e98920) thrown at [C:\jenkins\workspace\zulu-platform-build\zulu-src.git\hotspot\src\share\vm\prims\jvm.cpp, line 1514]
Event: 26.860 Thread 0x0000020180e96000 Exception <a 'java/security/PrivilegedActionException'> (0x00000000d9e98f00) thrown at [C:\jenkins\workspace\zulu-platform-build\zulu-src.git\hotspot\src\share\vm\prims\jvm.cpp, line 1514]
Event: 26.909 Thread 0x0000020180e96000 Exception <a 'java/lang/ClassNotFoundException': Script1BeanInfo> (0x00000000da061b08) thrown at [C:\jenkins\workspace\zulu-platform-build\zulu-src.git\hotspot\src\share\vm\classfile\systemDictionary.cpp, line 220]
Event: 26.919 Thread 0x0000020180e96000 Exception <a 'java/lang/ClassNotFoundException': Script1Customizer> (0x00000000da0ef0d0) thrown at [C:\jenkins\workspace\zulu-platform-build\zulu-src.git\hotspot\src\share\vm\classfile\systemDictionary.cpp, line 220]

Events (10 events):
Event: 26.909 loading class Script1BeanInfo
Event: 26.909 loading class Script1BeanInfo done
Event: 26.911 loading class Script1Customizer
Event: 26.911 loading class Script1Customizer done
Event: 26.915 loading class Script1Customizer
Event: 26.915 loading class Script1Customizer done
Event: 26.919 loading class Script1Customizer
Event: 26.919 loading class Script1Customizer done
Event: 26.919 Thread 0x0000020180e96000 DEOPT PACKING pc=0x00000201831f0949 sp=0x000000d1e50fc130
Event: 26.919 Thread 0x0000020180e96000 DEOPT UNPACKING pc=0x00000201829b76d8 sp=0x000000d1e50fbe50 mode 0


Dynamic libraries:
0x00007ff7b15f0000 - 0x00007ff7b1641000 	C:\Users\3380\Downloads\Katalon_Studio_Windows_64-8.6.5\Katalon_Studio_Windows_64-8.6.5\jre\bin\javaw.exe
0x00007ffd1d330000 - 0x00007ffd1d526000 	C:\Windows\SYSTEM32\ntdll.dll
0x00007ffd1be00000 - 0x00007ffd1bebd000 	C:\Windows\System32\KERNEL32.DLL
0x00007ffd1ac00000 - 0x00007ffd1aec8000 	C:\Windows\System32\KERNELBASE.dll
0x0000000052570000 - 0x0000000052603000 	C:\Windows\System32\SYSFER.DLL
0x00007ffd1cd70000 - 0x00007ffd1ce1c000 	C:\Windows\System32\ADVAPI32.dll
0x00007ffd1cec0000 - 0x00007ffd1cf5e000 	C:\Windows\System32\msvcrt.dll
0x00007ffd1c100000 - 0x00007ffd1c19b000 	C:\Windows\System32\sechost.dll
0x00007ffd1bfd0000 - 0x00007ffd1c0f4000 	C:\Windows\System32\RPCRT4.dll
0x00007ffd1c8f0000 - 0x00007ffd1ca90000 	C:\Windows\System32\USER32.dll
0x00007ffd1ab50000 - 0x00007ffd1ab72000 	C:\Windows\System32\win32u.dll
0x00007ffd1ce90000 - 0x00007ffd1ceba000 	C:\Windows\System32\GDI32.dll
0x00007ffd1b220000 - 0x00007ffd1b329000 	C:\Windows\System32\gdi32full.dll
0x00007ffd1b180000 - 0x00007ffd1b21d000 	C:\Windows\System32\msvcp_win.dll
0x00007ffd1b030000 - 0x00007ffd1b130000 	C:\Windows\System32\ucrtbase.dll
0x00007ffd18b40000 - 0x00007ffd18ddb000 	C:\Windows\WinSxS\amd64_microsoft.windows.common-controls_6595b64144ccf1df_6.0.19041.488_none_ca04af081b815d21\COMCTL32.dll
0x00007ffd1cf70000 - 0x00007ffd1cfa0000 	C:\Windows\System32\IMM32.DLL
0x00007ffd1a870000 - 0x00007ffd1a8a8000 	C:\Program Files\Citrix\System32\MfApHook64.dll
0x00007ffd1a7a0000 - 0x00007ffd1a7b2000 	C:\Program Files\Citrix\IcaService\FullScreenHook64.dll
0x00007ffd1a710000 - 0x00007ffd1a79e000 	C:\Windows\SYSTEM32\MSVCP140.dll
0x00007ffd1a6f0000 - 0x00007ffd1a70b000 	C:\Windows\SYSTEM32\VCRUNTIME140.dll
0x00007ffd1a6e0000 - 0x00007ffd1a6ec000 	C:\Windows\SYSTEM32\VCRUNTIME140_1.dll
0x00007ffd1a2c0000 - 0x00007ffd1a2ea000 	C:\Program Files\Citrix\ICAService\ShellHook64.dll
0x00007ffd1bd40000 - 0x00007ffd1bd95000 	C:\Windows\System32\SHLWAPI.dll
0x00007ffd1a1b0000 - 0x00007ffd1a2bf000 	C:\Program Files\Citrix\IcaService\SCardHook64.dll
0x00007ffd1a020000 - 0x00007ffd1a040000 	C:\Program Files\Citrix\ICAService\cxinjime64.dll
0x00007ffd19ff0000 - 0x00007ffd1a016000 	C:\Program Files\Citrix\ICAService\PicaWtsHook64.dll
0x0000000051bb0000 - 0x0000000052420000 	C:\Users\3380\Downloads\Katalon_Studio_Windows_64-8.6.5\Katalon_Studio_Windows_64-8.6.5\jre\bin\server\jvm.dll
0x00007ffd1bd30000 - 0x00007ffd1bd38000 	C:\Windows\System32\PSAPI.DLL
0x00007ffd13bc0000 - 0x00007ffd13bc9000 	C:\Windows\SYSTEM32\WSOCK32.dll
0x00007ffd1ce20000 - 0x00007ffd1ce8b000 	C:\Windows\System32\WS2_32.dll
0x00007ffd12ef0000 - 0x00007ffd12f17000 	C:\Windows\SYSTEM32\WINMM.dll
0x00007ffd1a650000 - 0x00007ffd1a65a000 	C:\Windows\SYSTEM32\VERSION.dll
0x00007ffd18a40000 - 0x00007ffd18a52000 	C:\Windows\SYSTEM32\kernel.appcore.dll
0x00007ffd0db20000 - 0x00007ffd0db30000 	C:\Users\3380\Downloads\Katalon_Studio_Windows_64-8.6.5\Katalon_Studio_Windows_64-8.6.5\jre\bin\verify.dll
0x00007ffd09960000 - 0x00007ffd0998b000 	C:\Users\3380\Downloads\Katalon_Studio_Windows_64-8.6.5\Katalon_Studio_Windows_64-8.6.5\jre\bin\java.dll
0x00007ffd0bd90000 - 0x00007ffd0bda8000 	C:\Users\3380\Downloads\Katalon_Studio_Windows_64-8.6.5\Katalon_Studio_Windows_64-8.6.5\jre\bin\zip.dll
0x00007ffd1c1a0000 - 0x00007ffd1c8e1000 	C:\Windows\System32\SHELL32.dll
0x00007ffd17b90000 - 0x00007ffd18325000 	C:\Windows\SYSTEM32\windows.storage.dll
0x00007ffd1b390000 - 0x00007ffd1b6e5000 	C:\Windows\System32\combase.dll
0x00007ffd19c50000 - 0x00007ffd19c7c000 	C:\Windows\SYSTEM32\Wldp.dll
0x00007ffd1cfa0000 - 0x00007ffd1d04e000 	C:\Windows\System32\SHCORE.dll
0x00007ffd1a9a0000 - 0x00007ffd1a9c6000 	C:\Windows\SYSTEM32\profapi.dll
0x00007ffd0b7d0000 - 0x00007ffd0b7ec000 	C:\Users\3380\Downloads\Katalon_Studio_Windows_64-8.6.5\Katalon_Studio_Windows_64-8.6.5\jre\bin\net.dll
0x00007ffd199c0000 - 0x00007ffd19a2a000 	C:\Windows\system32\mswsock.dll
0x00007ffd05cd0000 - 0x00007ffd05ce3000 	C:\Users\3380\Downloads\Katalon_Studio_Windows_64-8.6.5\Katalon_Studio_Windows_64-8.6.5\jre\bin\nio.dll
0x00007ffd19700000 - 0x00007ffd197cb000 	C:\Windows\SYSTEM32\DNSAPI.dll
0x00007ffd196c0000 - 0x00007ffd196fb000 	C:\Windows\SYSTEM32\IPHLPAPI.DLL
0x00007ffd1cf60000 - 0x00007ffd1cf68000 	C:\Windows\System32\NSI.dll
0x00007ffd12010000 - 0x00007ffd1201a000 	C:\Windows\System32\rasadhlp.dll
0x00007ffd142f0000 - 0x00007ffd1436f000 	C:\Windows\System32\fwpuclnt.dll
0x00007ffd1ab20000 - 0x00007ffd1ab47000 	C:\Windows\System32\bcrypt.dll
0x00007ffd00240000 - 0x00007ffd00264000 	C:\Users\3380\Downloads\Katalon_Studio_Windows_64-8.6.5\Katalon_Studio_Windows_64-8.6.5\jre\bin\sunec.dll
0x00007ffd10400000 - 0x00007ffd1040d000 	C:\Users\3380\Downloads\Katalon_Studio_Windows_64-8.6.5\Katalon_Studio_Windows_64-8.6.5\jre\bin\sunmscapi.dll
0x00007ffd1aed0000 - 0x00007ffd1b02d000 	C:\Windows\System32\CRYPT32.dll
0x00007ffd19cc0000 - 0x00007ffd19ce7000 	C:\Windows\SYSTEM32\ncrypt.dll
0x00007ffd19c80000 - 0x00007ffd19cbb000 	C:\Windows\SYSTEM32\NTASN1.dll
0x00007ffd19b90000 - 0x00007ffd19ba8000 	C:\Windows\SYSTEM32\CRYPTSP.dll
0x00007ffd19260000 - 0x00007ffd19294000 	C:\Windows\system32\rsaenh.dll
0x00007ffd1a8d0000 - 0x00007ffd1a8fe000 	C:\Windows\SYSTEM32\USERENV.dll
0x00007ffd1ab80000 - 0x00007ffd1abff000 	C:\Windows\System32\bcryptprimitives.dll
0x00007ffd19bb0000 - 0x00007ffd19bbc000 	C:\Windows\SYSTEM32\CRYPTBASE.dll
0x00007ffd14390000 - 0x00007ffd143a7000 	C:\Windows\SYSTEM32\dhcpcsvc6.DLL
0x00007ffd14140000 - 0x00007ffd1415d000 	C:\Windows\SYSTEM32\dhcpcsvc.DLL

VM Arguments:
jvm_args: -Dgroovy.home=C:\Users\3380/.groovy -Djava.system.class.loader=groovy.lang.GroovyClassLoader -Xmx2048m -Dfile.encoding=UTF-8 
java_command: org.codehaus.groovy.tools.GroovyStarter --classpath C:\Users\3380\Katalon Studio\My Project\bin\keyword;C:\Users\3380\Katalon Studio\My Project\Keywords;C:\Users\3380\Katalon Studio\My Project\bin\listener;C:\Users\3380\Katalon Studio\My Project\Test Listeners;C:\Users\3380\Katalon Studio\My Project\bin\lib;C:\Users\3380\Katalon Studio\My Project\Libs;C:\Users\3380\Katalon Studio\My Project\bin\groovy;C:\Users\3380\Katalon Studio\My Project\Include\scripts\groovy;C:\Users\3380\Downloads\Katalon_Studio_Windows_64-8.6.5\Katalon_Studio_Windows_64-8.6.5\plugins\com.kms.katalon.core_1.0.0.202305240718.jar;C:\Users\3380\Downloads\Katalon_Studio_Windows_64-8.6.5\Katalon_Studio_Windows_64-8.6.5\configuration\resources\lib\aalto-xml-1.0.0.jar;C:\Users\3380\Downloads\Katalon_Studio_Windows_64-8.6.5\Katalon_Studio_Windows_64-8.6.5\configuration\resources\lib\aspectjweaver-1.9.1.jar;C:\Users\3380\Downloads\Katalon_Studio_Windows_64-8.6.5\Katalon_Studio_Windows_64-8.6.5\configuration\resources\lib\bcpkix-jdk15on-1.64.jar;C:\Users\3380\Downloads\Katalon_Studio_Windows_64-8.6.5\Katalon_Studio_Windows_64-8.6.5\configuration\resources\lib\bcprov-jdk15on-1.64.jar;C:\Users\3380\Downloads\Katalon_Studio_Windows_64-8.6.5\Katalon_Studio_Windows_64-8.6.5\configuration\resources\lib\browsermob-core-2.1.5.jar;C:\Users\3380\Downloads\Katalon_Studio_Windows_64-8.6.5\Katalon_Studio_Windows_64-8.6.5\configuration\resources\lib\cglib-3.2.10.jar;C:\Users\3380\Downloads\Katalon_Studio_Windows_64-8.6.5\Katalon_Studio_Windows_64-8.6.5\configuration\resources\lib\commons-codec-1.10.jar;C:\Users\3380\Downloads\Katalon_Studio_Windows_64-8.6.5\Katalon_Studio_Windows_64-8.6.5\configuration\resources\lib\commons-collections4-4.1.jar;C:\Users\3380\Downloads\Katalon_Studio_Windows_64-8.6.5\Katalon_Studio_Windows_64-8.6.5\configuration\resources\lib\commons-validator-1.6.jar;C:\Users\3380\Downloads\Katalon_Studio_Windows_64-8.6.5\Katalon_Studio_Windows_64-8.6.5\configuration\resources\lib\cur
java_class_path (initial): C:\Users\3380\Katalon Studio\My Project\bin\keyword;C:\Users\3380\Katalon Studio\My Project\bin\listener;C:\Users\3380\Katalon Studio\My Project\bin\lib;C:\Users\3380\Katalon Studio\My Project\bin\groovy;C:\Users\3380\Katalon Studio\My Project\bin;C:\Users\3380\Downloads\Katalon_Studio_Windows_64-8.6.5\Katalon_Studio_Windows_64-8.6.5\plugins\com.kms.katalon.core_1.0.0.202305240718.jar;C:\Users\3380\Downloads\Katalon_Studio_Windows_64-8.6.5\Katalon_Studio_Windows_64-8.6.5\configuration\resources\lib\aalto-xml-1.0.0.jar;C:\Users\3380\Downloads\Katalon_Studio_Windows_64-8.6.5\Katalon_Studio_Windows_64-8.6.5\configuration\resources\lib\aspectjweaver-1.9.1.jar;C:\Users\3380\Downloads\Katalon_Studio_Windows_64-8.6.5\Katalon_Studio_Windows_64-8.6.5\configuration\resources\lib\bcpkix-jdk15on-1.64.jar;C:\Users\3380\Downloads\Katalon_Studio_Windows_64-8.6.5\Katalon_Studio_Windows_64-8.6.5\configuration\resources\lib\bcprov-jdk15on-1.64.jar;C:\Users\3380\Downloads\Katalon_Studio_Windows_64-8.6.5\Katalon_Studio_Windows_64-8.6.5\configuration\resources\lib\browsermob-core-2.1.5.jar;C:\Users\3380\Downloads\Katalon_Studio_Windows_64-8.6.5\Katalon_Studio_Windows_64-8.6.5\configuration\resources\lib\cglib-3.2.10.jar;C:\Users\3380\Downloads\Katalon_Studio_Windows_64-8.6.5\Katalon_Studio_Windows_64-8.6.5\configuration\resources\lib\commons-codec-1.10.jar;C:\Users\3380\Downloads\Katalon_Studio_Windows_64-8.6.5\Katalon_Studio_Windows_64-8.6.5\configuration\resources\lib\commons-collections4-4.1.jar;C:\Users\3380\Downloads\Katalon_Studio_Windows_64-8.6.5\Katalon_Studio_Windows_64-8.6.5\configuration\resources\lib\commons-validator-1.6.jar;C:\Users\3380\Downloads\Katalon_Studio_Windows_64-8.6.5\Katalon_Studio_Windows_64-8.6.5\configuration\resources\lib\curvesapi-1.04.jar;C:\Users\3380\Downloads\Katalon_Studio_Windows_64-8.6.5\Katalon_Studio_Windows_64-8.6.5\configuration\resources\lib\dnsjava-2.1.8.jar;C:\Users\3380\Downloads\Katalon_Studio_Windows_64-8.6.5\K
Launcher Type: SUN_STANDARD

Environment Variables:
JAVA_HOME=C:\jdk-17.0.1\bin
PATH=C:/Users/3380/Downloads/Katalon_Studio_Windows_64-8.6.5/Katalon_Studio_Windows_64-8.6.5/jre/bin/server;C:/Users/3380/Downloads/Katalon_Studio_Windows_64-8.6.5/Katalon_Studio_Windows_64-8.6.5/jre/bin;C:/Users/3380/Downloads/Katalon_Studio_Windows_64-8.6.5/Katalon_Studio_Windows_64-8.6.5/jre/lib/amd64;C:\Program Files (x86)\Microsoft SDKs\Azure\CLI2\wbin;C:\Windows\system32;C:\Windows;C:\Windows\System32\Wbem;C:\Windows\System32\WindowsPowerShell\v1.0\;C:\Windows\System32\OpenSSH\;C:\Program Files\Citrix\System32\;C:\Program Files\Citrix\ICAService\;C:\Program Files\Citrix\Virtual Desktop Agent\;C:\jdk-17.0.1\bin;;C:\Program Files\Microsoft VS Code\bin;C:\Program Files\Docker\Docker\resources\bin;C:\Users\3380\AppData\Local\Microsoft\WindowsApps;;C:\Users\3380\Downloads\Katalon_Studio_Windows_64-8.6.5\Katalon_Studio_Windows_64-8.6.5;
USERNAME=3380
OS=Windows_NT
PROCESSOR_IDENTIFIER=Intel64 Family 6 Model 85 Stepping 7, GenuineIntel



---------------  S Y S T E M  ---------------

OS: Windows 10 , 64 bit Build 19041 (10.0.19041.546)
Xen hardware-assisted virtualization detected

CPU:total 2 (initial active 2) (4 cores per cpu, 1 threads per core) family 6 model 85 stepping 7, cmov, cx8, fxsr, mmx, sse, sse2, sse3, ssse3, sse4.1, sse4.2, popcnt, avx, avx2, aes, clmul, erms, 3dnowpref, lzcnt, tsc, bmi1, bmi2, adx

Memory: 4k page, physical 6912048k(430812k free), swap 9745808k(4140k free)

vm_info: OpenJDK 64-Bit Server VM (25.362-b09) for windows-amd64 JRE (Zulu 8.68.0.21-CA-win64) (1.8.0_362-b09), built on Jan 19 2023 16:49:02 by "tester" with MS VC++ 15.9 (VS2017)

time: Fri Jul  7 14:54:54 2023
timezone: India Standard Time
elapsed time: 26.955898 seconds (0d 0h 0m 26s)

