#
# There is insufficient memory for the Java Runtime Environment to continue.
# Native memory allocation (malloc) failed to allocate 885456 bytes for Chunk::new
# Possible reasons:
#   The system is out of physical RAM or swap space
#   The process is running with CompressedOops enabled, and the Java Heap may be blocking the growth of the native heap
# Possible solutions:
#   Reduce memory load on the system
#   Increase physical memory or swap space
#   Check if swap backing store is full
#   Decrease Java heap size (-Xmx/-Xms)
#   Decrease number of Java threads
#   Decrease Java thread stack sizes (-Xss)
#   Set larger code cache with -XX:ReservedCodeCacheSize=
#   JVM is running with Unscaled Compressed Oops mode in which the Java heap is
#     placed in the first 4GB address space. The Java Heap base address is the
#     maximum limit for the native heap growth. Please use -XX:HeapBaseMinAddress
#     to set the Java Heap base and to place the Java Heap above 4GB virtual address.
# This output file may be truncated or incomplete.
#
#  Out of Memory Error (allocation.cpp:389), pid=1404, tid=0x00000000000002f8
#
# JRE version: OpenJDK Runtime Environment (Zulu 8.68.0.21-CA-win64) (8.0_362-b09) (build 1.8.0_362-b09)
# Java VM: OpenJDK 64-Bit Server VM (25.362-b09 mixed mode windows-amd64 compressed oops)
# Failed to write core dump. Minidumps are not enabled by default on client versions of Windows
#

---------------  T H R E A D  ---------------

Current thread (0x000001a578b3a800):  JavaThread "C2 CompilerThread0" daemon [_thread_in_native, id=760, stack(0x00000084b8000000,0x00000084b8100000)]

Stack: [0x00000084b8000000,0x00000084b8100000]
[error occurred during error reporting (printing stack bounds), id 0xc0000005]

Native frames: (J=compiled Java code, j=interpreted, Vv=VM code, C=native code)


Current CompileTask:
C2:  17417 2846       4       java.net.URLStreamHandler::parseURL (1193 bytes)


---------------  P R O C E S S  ---------------

Java Threads: ( => current thread )
  0x000001a5788ec000 JavaThread "Okio Watchdog" daemon [_thread_blocked, id=14840, stack(0x00000084b8c00000,0x00000084b8d00000)]
  0x000001a57cfd1800 JavaThread "OkHttp ConnectionPool" daemon [_thread_blocked, id=10012, stack(0x00000084b8b00000,0x00000084b8c00000)]
  0x000001a5795b3800 JavaThread "Exec Stream Pumper" daemon [_thread_in_native, id=13664, stack(0x00000084b8800000,0x00000084b8900000)]
  0x000001a579753800 JavaThread "Exec Stream Pumper" daemon [_thread_in_native, id=12812, stack(0x00000084b8700000,0x00000084b8800000)]
  0x000001a57bcdd800 JavaThread "UrlChecker-2" daemon [_thread_blocked, id=17480, stack(0x00000084b8500000,0x00000084b8600000)]
  0x000001a57a139800 JavaThread "Exec Default Executor" daemon [_thread_in_native, id=18572, stack(0x00000084b8400000,0x00000084b8500000)]
  0x000001a578b7f800 JavaThread "Service Thread" daemon [_thread_blocked, id=6316, stack(0x00000084b8200000,0x00000084b8300000)]
  0x000001a578b3d800 JavaThread "C1 CompilerThread1" daemon [_thread_blocked, id=11728, stack(0x00000084b8100000,0x00000084b8200000)]
=>0x000001a578b3a800 JavaThread "C2 CompilerThread0" daemon [_thread_in_native, id=760, stack(0x00000084b8000000,0x00000084b8100000)]
  0x000001a578b31000 JavaThread "Attach Listener" daemon [_thread_blocked, id=14180, stack(0x00000084b7f00000,0x00000084b8000000)]
  0x000001a578aea800 JavaThread "Signal Dispatcher" daemon [_thread_blocked, id=17944, stack(0x00000084b7e00000,0x00000084b7f00000)]
  0x000001a5724d9800 JavaThread "Finalizer" daemon [_thread_blocked, id=7380, stack(0x00000084b7d00000,0x00000084b7e00000)]
  0x000001a577ce7000 JavaThread "Reference Handler" daemon [_thread_blocked, id=15284, stack(0x00000084b7c00000,0x00000084b7d00000)]
  0x000001a570b44800 JavaThread "main" [_thread_in_native, id=12556, stack(0x00000084b7800000,0x00000084b7900000)]

Other Threads:
  0x000001a577cc6000 VMThread [stack: 0x00000084b7b00000,0x00000084b7c00000] [id=9140]
  0x000001a578b82800 WatcherThread [stack: 0x00000084b8300000,0x00000084b8400000] [id=15208]

VM state:not at safepoint (normal execution)

VM Mutex/Monitor currently owned by a thread: None

heap address: 0x0000000080000000, size: 2048 MB, Compressed Oops mode: 32-bit
Narrow klass base: 0x0000000000000000, Narrow klass shift: 3
Compressed class space size: 1073741824 Address: 0x0000000100000000

Heap:
 PSYoungGen      total 155648K, used 60340K [0x00000000d5580000, 0x00000000df900000, 0x0000000100000000)
  eden space 148480K, 35% used [0x00000000d5580000,0x00000000d8972720,0x00000000de680000)
  from space 7168K, 99% used [0x00000000def00000,0x00000000df5fa970,0x00000000df600000)
  to   space 8704K, 0% used [0x00000000de680000,0x00000000de680000,0x00000000def00000)
 ParOldGen       total 48640K, used 10408K [0x0000000080000000, 0x0000000082f80000, 0x00000000d5580000)
  object space 48640K, 21% used [0x0000000080000000,0x0000000080a2a2a8,0x0000000082f80000)
 Metaspace       used 30772K, capacity 31696K, committed 31872K, reserved 1077248K
  class space    used 3647K, capacity 3893K, committed 3968K, reserved 1048576K

Card table byte_map: [0x000001a5728b0000,0x000001a572cc0000] byte_map_base: 0x000001a5724b0000

Marking Bits: (ParMarkBitMap*) 0x00000000523a5390
 Begin Bits: [0x000001a572f70000, 0x000001a574f70000)
 End Bits:   [0x000001a574f70000, 0x000001a576f70000)

Polling page: 0x000001a5723c0000

CodeCache: size=245760Kb used=11079Kb max_used=11079Kb free=234680Kb
 bounds [0x000001a500000000, 0x000001a500ae0000, 0x000001a50f000000]
 total_blobs=3384 nmethods=2683 adapters=611
 compilation: enabled

Compilation events (10 events):
Event: 17.406 Thread 0x000001a578b3d800 2869       3       sun.misc.ProxyGenerator::code_aload (11 bytes)
Event: 17.406 Thread 0x000001a578b3d800 nmethod 2869 0x000001a500ad4250 code [0x000001a500ad43c0, 0x000001a500ad4570]
Event: 17.406 Thread 0x000001a578b3d800 2870       3       sun.misc.ProxyGenerator::access$700 (7 bytes)
Event: 17.407 Thread 0x000001a578b3d800 nmethod 2870 0x000001a500ad4610 code [0x000001a500ad4780, 0x000001a500ad4970]
Event: 17.407 Thread 0x000001a578b3d800 2871       3       sun.misc.ProxyGenerator$ConstantPool::getMethodRef (33 bytes)
Event: 17.409 Thread 0x000001a578b3d800 nmethod 2871 0x000001a500ad4a90 code [0x000001a500ad4d20, 0x000001a500ad5ad0]
Event: 17.409 Thread 0x000001a578b3d800 2872       1       sun.misc.ProxyGenerator::access$800 (5 bytes)
Event: 17.409 Thread 0x000001a578b3d800 nmethod 2872 0x000001a500ad65d0 code [0x000001a500ad6720, 0x000001a500ad6818]
Event: 17.410 Thread 0x000001a578b3d800 2873       3       java.io.DataOutputStream::writeInt (65 bytes)
Event: 17.410 Thread 0x000001a578b3d800 nmethod 2873 0x000001a500ad6890 code [0x000001a500ad6a40, 0x000001a500ad6fa0]

GC Heap History (10 events):
Event: 5.823 GC heap before
{Heap before GC invocations=7 (full 0):
 PSYoungGen      total 60928K, used 60924K [0x00000000d5580000, 0x00000000d9880000, 0x0000000100000000)
  eden space 54784K, 100% used [0x00000000d5580000,0x00000000d8b00000,0x00000000d8b00000)
  from space 6144K, 99% used [0x00000000d9180000,0x00000000d977f090,0x00000000d9780000)
  to   space 6656K, 0% used [0x00000000d8b00000,0x00000000d8b00000,0x00000000d9180000)
 ParOldGen       total 72704K, used 2724K [0x0000000080000000, 0x0000000084700000, 0x00000000d5580000)
  object space 72704K, 3% used [0x0000000080000000,0x00000000802a92d8,0x0000000084700000)
 Metaspace       used 20290K, capacity 20548K, committed 20864K, reserved 1067008K
  class space    used 2255K, capacity 2379K, committed 2432K, reserved 1048576K
Event: 5.845 GC heap after
Heap after GC invocations=7 (full 0):
 PSYoungGen      total 61440K, used 6146K [0x00000000d5580000, 0x00000000dce80000, 0x0000000100000000)
  eden space 54784K, 0% used [0x00000000d5580000,0x00000000d5580000,0x00000000d8b00000)
  from space 6656K, 92% used [0x00000000d8b00000,0x00000000d9100990,0x00000000d9180000)
  to   space 7168K, 0% used [0x00000000dc780000,0x00000000dc780000,0x00000000dce80000)
 ParOldGen       total 72704K, used 5650K [0x0000000080000000, 0x0000000084700000, 0x00000000d5580000)
  object space 72704K, 7% used [0x0000000080000000,0x0000000080584860,0x0000000084700000)
 Metaspace       used 20290K, capacity 20548K, committed 20864K, reserved 1067008K
  class space    used 2255K, capacity 2379K, committed 2432K, reserved 1048576K
}
Event: 6.201 GC heap before
{Heap before GC invocations=8 (full 0):
 PSYoungGen      total 61440K, used 33436K [0x00000000d5580000, 0x00000000dce80000, 0x0000000100000000)
  eden space 54784K, 49% used [0x00000000d5580000,0x00000000d7026978,0x00000000d8b00000)
  from space 6656K, 92% used [0x00000000d8b00000,0x00000000d9100990,0x00000000d9180000)
  to   space 7168K, 0% used [0x00000000dc780000,0x00000000dc780000,0x00000000dce80000)
 ParOldGen       total 72704K, used 5650K [0x0000000080000000, 0x0000000084700000, 0x00000000d5580000)
  object space 72704K, 7% used [0x0000000080000000,0x0000000080584860,0x0000000084700000)
 Metaspace       used 20826K, capacity 21066K, committed 21296K, reserved 1069056K
  class space    used 2301K, capacity 2401K, committed 2432K, reserved 1048576K
Event: 6.212 GC heap after
Heap after GC invocations=8 (full 0):
 PSYoungGen      total 116736K, used 4309K [0x00000000d5580000, 0x00000000dce80000, 0x0000000100000000)
  eden space 109568K, 0% used [0x00000000d5580000,0x00000000d5580000,0x00000000dc080000)
  from space 7168K, 60% used [0x00000000dc780000,0x00000000dcbb5588,0x00000000dce80000)
  to   space 7168K, 0% used [0x00000000dc080000,0x00000000dc080000,0x00000000dc780000)
 ParOldGen       total 72704K, used 6266K [0x0000000080000000, 0x0000000084700000, 0x00000000d5580000)
  object space 72704K, 8% used [0x0000000080000000,0x000000008061e870,0x0000000084700000)
 Metaspace       used 20826K, capacity 21066K, committed 21296K, reserved 1069056K
  class space    used 2301K, capacity 2401K, committed 2432K, reserved 1048576K
}
Event: 6.212 GC heap before
{Heap before GC invocations=9 (full 1):
 PSYoungGen      total 116736K, used 4309K [0x00000000d5580000, 0x00000000dce80000, 0x0000000100000000)
  eden space 109568K, 0% used [0x00000000d5580000,0x00000000d5580000,0x00000000dc080000)
  from space 7168K, 60% used [0x00000000dc780000,0x00000000dcbb5588,0x00000000dce80000)
  to   space 7168K, 0% used [0x00000000dc080000,0x00000000dc080000,0x00000000dc780000)
 ParOldGen       total 72704K, used 6266K [0x0000000080000000, 0x0000000084700000, 0x00000000d5580000)
  object space 72704K, 8% used [0x0000000080000000,0x000000008061e870,0x0000000084700000)
 Metaspace       used 20826K, capacity 21066K, committed 21296K, reserved 1069056K
  class space    used 2301K, capacity 2401K, committed 2432K, reserved 1048576K
Event: 6.287 GC heap after
Heap after GC invocations=9 (full 1):
 PSYoungGen      total 116736K, used 0K [0x00000000d5580000, 0x00000000dce80000, 0x0000000100000000)
  eden space 109568K, 0% used [0x00000000d5580000,0x00000000d5580000,0x00000000dc080000)
  from space 7168K, 0% used [0x00000000dc780000,0x00000000dc780000,0x00000000dce80000)
  to   space 7168K, 0% used [0x00000000dc080000,0x00000000dc080000,0x00000000dc780000)
 ParOldGen       total 48640K, used 8376K [0x0000000080000000, 0x0000000082f80000, 0x00000000d5580000)
  object space 48640K, 17% used [0x0000000080000000,0x000000008082e368,0x0000000082f80000)
 Metaspace       used 20826K, capacity 21066K, committed 21296K, reserved 1069056K
  class space    used 2301K, capacity 2401K, committed 2432K, reserved 1048576K
}
Event: 7.754 GC heap before
{Heap before GC invocations=10 (full 1):
 PSYoungGen      total 116736K, used 109568K [0x00000000d5580000, 0x00000000dce80000, 0x0000000100000000)
  eden space 109568K, 100% used [0x00000000d5580000,0x00000000dc080000,0x00000000dc080000)
  from space 7168K, 0% used [0x00000000dc780000,0x00000000dc780000,0x00000000dce80000)
  to   space 7168K, 0% used [0x00000000dc080000,0x00000000dc080000,0x00000000dc780000)
 ParOldGen       total 48640K, used 8376K [0x0000000080000000, 0x0000000082f80000, 0x00000000d5580000)
  object space 48640K, 17% used [0x0000000080000000,0x000000008082e368,0x0000000082f80000)
 Metaspace       used 22931K, capacity 23234K, committed 23680K, reserved 1071104K
  class space    used 2514K, capacity 2650K, committed 2688K, reserved 1048576K
Event: 7.762 GC heap after
Heap after GC invocations=10 (full 1):
 PSYoungGen      total 116736K, used 3106K [0x00000000d5580000, 0x00000000df600000, 0x0000000100000000)
  eden space 109568K, 0% used [0x00000000d5580000,0x00000000d5580000,0x00000000dc080000)
  from space 7168K, 43% used [0x00000000dc080000,0x00000000dc388a60,0x00000000dc780000)
  to   space 7168K, 0% used [0x00000000def00000,0x00000000def00000,0x00000000df600000)
 ParOldGen       total 48640K, used 8384K [0x0000000080000000, 0x0000000082f80000, 0x00000000d5580000)
  object space 48640K, 17% used [0x0000000080000000,0x0000000080830368,0x0000000082f80000)
 Metaspace       used 22931K, capacity 23234K, committed 23680K, reserved 1071104K
  class space    used 2514K, capacity 2650K, committed 2688K, reserved 1048576K
}
Event: 9.675 GC heap before
{Heap before GC invocations=11 (full 1):
 PSYoungGen      total 116736K, used 112674K [0x00000000d5580000, 0x00000000df600000, 0x0000000100000000)
  eden space 109568K, 100% used [0x00000000d5580000,0x00000000dc080000,0x00000000dc080000)
  from space 7168K, 43% used [0x00000000dc080000,0x00000000dc388a60,0x00000000dc780000)
  to   space 7168K, 0% used [0x00000000def00000,0x00000000def00000,0x00000000df600000)
 ParOldGen       total 48640K, used 8384K [0x0000000080000000, 0x0000000082f80000, 0x00000000d5580000)
  object space 48640K, 17% used [0x0000000080000000,0x0000000080830368,0x0000000082f80000)
 Metaspace       used 25702K, capacity 26128K, committed 26496K, reserved 1073152K
  class space    used 2936K, capacity 3081K, committed 3200K, reserved 1048576K
Event: 9.710 GC heap after
Heap after GC invocations=11 (full 1):
 PSYoungGen      total 155648K, used 7146K [0x00000000d5580000, 0x00000000df900000, 0x0000000100000000)
  eden space 148480K, 0% used [0x00000000d5580000,0x00000000d5580000,0x00000000de680000)
  from space 7168K, 99% used [0x00000000def00000,0x00000000df5fa970,0x00000000df600000)
  to   space 8704K, 0% used [0x00000000de680000,0x00000000de680000,0x00000000def00000)
 ParOldGen       total 48640K, used 10408K [0x0000000080000000, 0x0000000082f80000, 0x00000000d5580000)
  object space 48640K, 21% used [0x0000000080000000,0x0000000080a2a2a8,0x0000000082f80000)
 Metaspace       used 25702K, capacity 26128K, committed 26496K, reserved 1073152K
  class space    used 2936K, capacity 3081K, committed 3200K, reserved 1048576K
}

Deoptimization events (10 events):
Event: 10.335 Thread 0x000001a570b44800 Uncommon trap: reason=class_check action=maybe_recompile pc=0x000001a500a856d8 method=java.io.DataInputStream.readChar()C @ 4
Event: 10.335 Thread 0x000001a570b44800 Uncommon trap: reason=class_check action=maybe_recompile pc=0x000001a500a856d8 method=java.io.DataInputStream.readChar()C @ 4
Event: 10.335 Thread 0x000001a570b44800 Uncommon trap: reason=class_check action=maybe_recompile pc=0x000001a500a856d8 method=java.io.DataInputStream.readChar()C @ 4
Event: 10.443 Thread 0x000001a570b44800 Uncommon trap: reason=unstable_if action=reinterpret pc=0x000001a5001c7944 method=java.lang.String.replace(CC)Ljava/lang/String; @ 2
Event: 12.331 Thread 0x000001a570b44800 Uncommon trap: reason=class_check action=maybe_recompile pc=0x000001a500a99664 method=java.io.DataInputStream.readInt()I @ 4
Event: 12.331 Thread 0x000001a570b44800 Uncommon trap: reason=class_check action=maybe_recompile pc=0x000001a500a99664 method=java.io.DataInputStream.readInt()I @ 4
Event: 12.331 Thread 0x000001a570b44800 Uncommon trap: reason=class_check action=maybe_recompile pc=0x000001a500a99664 method=java.io.DataInputStream.readInt()I @ 4
Event: 12.332 Thread 0x000001a570b44800 Uncommon trap: reason=class_check action=maybe_recompile pc=0x000001a500a99664 method=java.io.DataInputStream.readInt()I @ 4
Event: 12.407 Thread 0x000001a570b44800 Uncommon trap: reason=class_check action=maybe_recompile pc=0x000001a500a77dcc method=java.util.HashSet.contains(Ljava/lang/Object;)Z @ 5
Event: 12.407 Thread 0x000001a570b44800 Uncommon trap: reason=class_check action=maybe_recompile pc=0x000001a500a77dcc method=java.util.HashSet.contains(Ljava/lang/Object;)Z @ 5

Classes redefined (0 events):
No events

Internal exceptions (10 events):
Event: 8.639 Thread 0x000001a570b44800 Exception <a 'java/lang/ClassNotFoundException': com/kms/katalon/core/logging/KeywordLoggerBeanInfo> (0x00000000daf41bc8) thrown at [C:\jenkins\workspace\zulu-platform-build\zulu-src.git\hotspot\src\share\vm\classfile\systemDictionary.cpp, line 220]
Event: 8.642 Thread 0x000001a570b44800 Exception <a 'java/lang/ClassNotFoundException': com/kms/katalon/core/logging/KeywordLoggerCustomizer> (0x00000000daffb750) thrown at [C:\jenkins\workspace\zulu-platform-build\zulu-src.git\hotspot\src\share\vm\classfile\systemDictionary.cpp, line 220]
Event: 8.667 Thread 0x000001a570b44800 Exception <a 'java/lang/ClassNotFoundException': com/kms/katalon/core/webui/keyword/builtin/InternalSmartWaitGroovyWrapperBeanInfo> (0x00000000db2a21e0) thrown at [C:\jenkins\workspace\zulu-platform-build\zulu-src.git\hotspot\src\share\vm\classfile\system
Event: 8.670 Thread 0x000001a570b44800 Exception <a 'java/lang/ClassNotFoundException': com/kms/katalon/core/webui/keyword/builtin/InternalSmartWaitGroovyWrapperCustomizer> (0x00000000db39ff60) thrown at [C:\jenkins\workspace\zulu-platform-build\zulu-src.git\hotspot\src\share\vm\classfile\syst
Event: 11.046 Thread 0x000001a57bcdd800 Exception <a 'java/net/SocketTimeoutException': connect timed out> (0x00000000d6ac6c88) thrown at [C:\jenkins\workspace\zulu-platform-build\zulu-src.git\hotspot\src\share\vm\prims\jni.cpp, line 736]
Event: 11.574 Thread 0x000001a57bcdd800 Exception <a 'java/net/SocketTimeoutException': connect timed out> (0x00000000d6ac8180) thrown at [C:\jenkins\workspace\zulu-platform-build\zulu-src.git\hotspot\src\share\vm\prims\jni.cpp, line 736]
Event: 11.698 Thread 0x000001a570b44800 Exception <a 'java/lang/IncompatibleClassChangeError': Found class java.lang.Object, but interface was expected> (0x00000000d6981228) thrown at [C:\jenkins\workspace\zulu-platform-build\zulu-src.git\hotspot\src\share\vm\interpreter\linkResolver.cpp, line 
Event: 11.709 Thread 0x000001a570b44800 Exception <a 'java/lang/NoSuchMethodError': java.lang.Object.lambda$or$2(Ljava/util/function/Predicate;Ljava/lang/Object;)Z> (0x00000000d699de00) thrown at [C:\jenkins\workspace\zulu-platform-build\zulu-src.git\hotspot\src\share\vm\interpreter\linkResolve
Event: 11.886 Thread 0x000001a570b44800 Exception <a 'java/lang/NoSuchMethodError': java.lang.Object.lambda$chars$0()Ljava/util/Spliterator$OfInt;> (0x00000000d71158b0) thrown at [C:\jenkins\workspace\zulu-platform-build\zulu-src.git\hotspot\src\share\vm\interpreter\linkResolver.cpp, line 620]
Event: 17.275 Thread 0x000001a570b44800 Exception <a 'java/lang/NoSuchMethodError': java.lang.Object.lambda$getResponseFunction$0(Lorg/openqa/selenium/remote/InitialHandshakeResponse;)Lorg/openqa/selenium/remote/ProtocolHandshake$Result;> (0x00000000d840beb0) thrown at [C:\jenkins\workspace\zul

Events (10 events):
Event: 17.279 loading class org/openqa/selenium/Proxy
Event: 17.279 loading class org/openqa/selenium/Proxy done
Event: 17.281 loading class org/openqa/selenium/Proxy
Event: 17.281 loading class org/openqa/selenium/Proxy done
Event: 17.356 loading class java/util/UUID$Holder
Event: 17.356 loading class java/util/UUID$Holder done
Event: 17.402 loading class org/openqa/selenium/support/events/EventFiringWebDriver
Event: 17.402 loading class org/openqa/selenium/support/events/EventFiringWebDriver done
Event: 17.403 Executing VM operation: Deoptimize
Event: 17.403 Executing VM operation: Deoptimize done


Dynamic libraries:
0x00007ff715f30000 - 0x00007ff715f81000 	C:\Users\3380\Downloads\Katalon_Studio_Windows_64-8.6.5\Katalon_Studio_Windows_64-8.6.5\jre\bin\javaw.exe
0x00007ffd1d330000 - 0x00007ffd1d526000 	C:\Windows\SYSTEM32\ntdll.dll
0x00007ffd1be00000 - 0x00007ffd1bebd000 	C:\Windows\System32\KERNEL32.DLL
0x00007ffd1ac00000 - 0x00007ffd1aec8000 	C:\Windows\System32\KERNELBASE.dll
0x0000000052570000 - 0x0000000052603000 	C:\Windows\System32\SYSFER.DLL
0x00007ffd1cd70000 - 0x00007ffd1ce1c000 	C:\Windows\System32\ADVAPI32.dll
0x00007ffd1cec0000 - 0x00007ffd1cf5e000 	C:\Windows\System32\msvcrt.dll
0x00007ffd1c100000 - 0x00007ffd1c19b000 	C:\Windows\System32\sechost.dll
0x00007ffd1bfd0000 - 0x00007ffd1c0f4000 	C:\Windows\System32\RPCRT4.dll
0x00007ffd1c8f0000 - 0x00007ffd1ca90000 	C:\Windows\System32\USER32.dll
0x00007ffd1ab50000 - 0x00007ffd1ab72000 	C:\Windows\System32\win32u.dll
0x00007ffd1ce90000 - 0x00007ffd1ceba000 	C:\Windows\System32\GDI32.dll
0x00007ffd1b220000 - 0x00007ffd1b329000 	C:\Windows\System32\gdi32full.dll
0x00007ffd1b180000 - 0x00007ffd1b21d000 	C:\Windows\System32\msvcp_win.dll
0x00007ffd1b030000 - 0x00007ffd1b130000 	C:\Windows\System32\ucrtbase.dll
0x00007ffd18b40000 - 0x00007ffd18ddb000 	C:\Windows\WinSxS\amd64_microsoft.windows.common-controls_6595b64144ccf1df_6.0.19041.488_none_ca04af081b815d21\COMCTL32.dll
0x00007ffd1cf70000 - 0x00007ffd1cfa0000 	C:\Windows\System32\IMM32.DLL
0x00007ffd1a870000 - 0x00007ffd1a8a8000 	C:\Program Files\Citrix\System32\MfApHook64.dll
0x00007ffd1a7a0000 - 0x00007ffd1a7b2000 	C:\Program Files\Citrix\IcaService\FullScreenHook64.dll
0x00007ffd1a710000 - 0x00007ffd1a79e000 	C:\Windows\SYSTEM32\MSVCP140.dll
0x00007ffd1a6f0000 - 0x00007ffd1a70b000 	C:\Windows\SYSTEM32\VCRUNTIME140.dll
0x00007ffd1a6e0000 - 0x00007ffd1a6ec000 	C:\Windows\SYSTEM32\VCRUNTIME140_1.dll
0x00007ffd1a2c0000 - 0x00007ffd1a2ea000 	C:\Program Files\Citrix\ICAService\ShellHook64.dll
0x00007ffd1bd40000 - 0x00007ffd1bd95000 	C:\Windows\System32\SHLWAPI.dll
0x00007ffd1a1b0000 - 0x00007ffd1a2bf000 	C:\Program Files\Citrix\IcaService\SCardHook64.dll
0x00007ffd1a020000 - 0x00007ffd1a040000 	C:\Program Files\Citrix\ICAService\cxinjime64.dll
0x00007ffd19ff0000 - 0x00007ffd1a016000 	C:\Program Files\Citrix\ICAService\PicaWtsHook64.dll
0x0000000051bb0000 - 0x0000000052420000 	C:\Users\3380\Downloads\Katalon_Studio_Windows_64-8.6.5\Katalon_Studio_Windows_64-8.6.5\jre\bin\server\jvm.dll
0x00007ffd1bd30000 - 0x00007ffd1bd38000 	C:\Windows\System32\PSAPI.DLL
0x00007ffd10170000 - 0x00007ffd10179000 	C:\Windows\SYSTEM32\WSOCK32.dll
0x00007ffd1ce20000 - 0x00007ffd1ce8b000 	C:\Windows\System32\WS2_32.dll
0x00007ffd12ef0000 - 0x00007ffd12f17000 	C:\Windows\SYSTEM32\WINMM.dll
0x00007ffd1a650000 - 0x00007ffd1a65a000 	C:\Windows\SYSTEM32\VERSION.dll
0x00007ffd18a40000 - 0x00007ffd18a52000 	C:\Windows\SYSTEM32\kernel.appcore.dll
0x00007ffd13710000 - 0x00007ffd13720000 	C:\Users\3380\Downloads\Katalon_Studio_Windows_64-8.6.5\Katalon_Studio_Windows_64-8.6.5\jre\bin\verify.dll
0x00007ffd0f6c0000 - 0x00007ffd0f6eb000 	C:\Users\3380\Downloads\Katalon_Studio_Windows_64-8.6.5\Katalon_Studio_Windows_64-8.6.5\jre\bin\java.dll
0x00007ffd112c0000 - 0x00007ffd112d8000 	C:\Users\3380\Downloads\Katalon_Studio_Windows_64-8.6.5\Katalon_Studio_Windows_64-8.6.5\jre\bin\zip.dll
0x00007ffd1c1a0000 - 0x00007ffd1c8e1000 	C:\Windows\System32\SHELL32.dll
0x00007ffd17b90000 - 0x00007ffd18325000 	C:\Windows\SYSTEM32\windows.storage.dll
0x00007ffd1b390000 - 0x00007ffd1b6e5000 	C:\Windows\System32\combase.dll
0x00007ffd19c50000 - 0x00007ffd19c7c000 	C:\Windows\SYSTEM32\Wldp.dll
0x00007ffd1cfa0000 - 0x00007ffd1d04e000 	C:\Windows\System32\SHCORE.dll
0x00007ffd1a9a0000 - 0x00007ffd1a9c6000 	C:\Windows\SYSTEM32\profapi.dll
0x00007ffd0e040000 - 0x00007ffd0e05c000 	C:\Users\3380\Downloads\Katalon_Studio_Windows_64-8.6.5\Katalon_Studio_Windows_64-8.6.5\jre\bin\net.dll
0x00007ffd199c0000 - 0x00007ffd19a2a000 	C:\Windows\system32\mswsock.dll
0x00007ffd0dd80000 - 0x00007ffd0dd93000 	C:\Users\3380\Downloads\Katalon_Studio_Windows_64-8.6.5\Katalon_Studio_Windows_64-8.6.5\jre\bin\nio.dll
0x00007ffd19700000 - 0x00007ffd197cb000 	C:\Windows\SYSTEM32\DNSAPI.dll
0x00007ffd196c0000 - 0x00007ffd196fb000 	C:\Windows\SYSTEM32\IPHLPAPI.DLL
0x00007ffd1cf60000 - 0x00007ffd1cf68000 	C:\Windows\System32\NSI.dll
0x00007ffd12010000 - 0x00007ffd1201a000 	C:\Windows\System32\rasadhlp.dll
0x00007ffd142f0000 - 0x00007ffd1436f000 	C:\Windows\System32\fwpuclnt.dll
0x00007ffd1ab20000 - 0x00007ffd1ab47000 	C:\Windows\System32\bcrypt.dll
0x00007ffd152f0000 - 0x00007ffd15314000 	C:\Users\3380\Downloads\Katalon_Studio_Windows_64-8.6.5\Katalon_Studio_Windows_64-8.6.5\jre\bin\sunec.dll
0x00007ffd15d80000 - 0x00007ffd15d8d000 	C:\Users\3380\Downloads\Katalon_Studio_Windows_64-8.6.5\Katalon_Studio_Windows_64-8.6.5\jre\bin\sunmscapi.dll
0x00007ffd1aed0000 - 0x00007ffd1b02d000 	C:\Windows\System32\CRYPT32.dll
0x00007ffd19cc0000 - 0x00007ffd19ce7000 	C:\Windows\SYSTEM32\ncrypt.dll
0x00007ffd19c80000 - 0x00007ffd19cbb000 	C:\Windows\SYSTEM32\NTASN1.dll
0x00007ffd19b90000 - 0x00007ffd19ba8000 	C:\Windows\SYSTEM32\CRYPTSP.dll
0x00007ffd19260000 - 0x00007ffd19294000 	C:\Windows\system32\rsaenh.dll
0x00007ffd1a8d0000 - 0x00007ffd1a8fe000 	C:\Windows\SYSTEM32\USERENV.dll
0x00007ffd1ab80000 - 0x00007ffd1abff000 	C:\Windows\System32\bcryptprimitives.dll
0x00007ffd19bb0000 - 0x00007ffd19bbc000 	C:\Windows\SYSTEM32\CRYPTBASE.dll
0x00007ffd14390000 - 0x00007ffd143a7000 	C:\Windows\SYSTEM32\dhcpcsvc6.DLL
0x00007ffd14140000 - 0x00007ffd1415d000 	C:\Windows\SYSTEM32\dhcpcsvc.DLL

VM Arguments:
jvm_args: -Dgroovy.home=C:\Users\3380/.groovy -Djava.system.class.loader=groovy.lang.GroovyClassLoader -Xmx2048m -Dfile.encoding=UTF-8 
java_command: org.codehaus.groovy.tools.GroovyStarter --classpath C:\Users\3380\Katalon Studio\My Project\bin\keyword;C:\Users\3380\Katalon Studio\My Project\Keywords;C:\Users\3380\Katalon Studio\My Project\bin\listener;C:\Users\3380\Katalon Studio\My Project\Test Listeners;C:\Users\3380\Katalon Studio\My Project\bin\lib;C:\Users\3380\Katalon Studio\My Project\Libs;C:\Users\3380\Katalon Studio\My Project\bin\groovy;C:\Users\3380\Katalon Studio\My Project\Include\scripts\groovy;C:\Users\3380\Downloads\Katalon_Studio_Windows_64-8.6.5\Katalon_Studio_Windows_64-8.6.5\plugins\com.kms.katalon.core_1.0.0.202305240718.jar;C:\Users\3380\Downloads\Katalon_Studio_Windows_64-8.6.5\Katalon_Studio_Windows_64-8.6.5\configuration\resources\lib\aalto-xml-1.0.0.jar;C:\Users\3380\Downloads\Katalon_Studio_Windows_64-8.6.5\Katalon_Studio_Windows_64-8.6.5\configuration\resources\lib\aspectjweaver-1.9.1.jar;C:\Users\3380\Downloads\Katalon_Studio_Windows_64-8.6.5\Katalon_Studio_Windows_64-8.6.5\configuration\resources\lib\bcpkix-jdk15on-1.64.jar;C:\Users\3380\Downloads\Katalon_Studio_Windows_64-8.6.5\Katalon_Studio_Windows_64-8.6.5\configuration\resources\lib\bcprov-jdk15on-1.64.jar;C:\Users\3380\Downloads\Katalon_Studio_Windows_64-8.6.5\Katalon_Studio_Windows_64-8.6.5\configuration\resources\lib\browsermob-core-2.1.5.jar;C:\Users\3380\Downloads\Katalon_Studio_Windows_64-8.6.5\Katalon_Studio_Windows_64-8.6.5\configuration\resources\lib\cglib-3.2.10.jar;C:\Users\3380\Downloads\Katalon_Studio_Windows_64-8.6.5\Katalon_Studio_Windows_64-8.6.5\configuration\resources\lib\commons-codec-1.10.jar;C:\Users\3380\Downloads\Katalon_Studio_Windows_64-8.6.5\Katalon_Studio_Windows_64-8.6.5\configuration\resources\lib\commons-collections4-4.1.jar;C:\Users\3380\Downloads\Katalon_Studio_Windows_64-8.6.5\Katalon_Studio_Windows_64-8.6.5\configuration\resources\lib\commons-validator-1.6.jar;C:\Users\3380\Downloads\Katalon_Studio_Windows_64-8.6.5\Katalon_Studio_Windows_64-8.6.5\configuration\resources\lib\cur
java_class_path (initial): C:\Users\3380\Katalon Studio\My Project\bin\keyword;C:\Users\3380\Katalon Studio\My Project\bin\listener;C:\Users\3380\Katalon Studio\My Project\bin\lib;C:\Users\3380\Katalon Studio\My Project\bin\groovy;C:\Users\3380\Katalon Studio\My Project\bin;C:\Users\3380\Downloads\Katalon_Studio_Windows_64-8.6.5\Katalon_Studio_Windows_64-8.6.5\plugins\com.kms.katalon.core_1.0.0.202305240718.jar;C:\Users\3380\Downloads\Katalon_Studio_Windows_64-8.6.5\Katalon_Studio_Windows_64-8.6.5\configuration\resources\lib\aalto-xml-1.0.0.jar;C:\Users\3380\Downloads\Katalon_Studio_Windows_64-8.6.5\Katalon_Studio_Windows_64-8.6.5\configuration\resources\lib\aspectjweaver-1.9.1.jar;C:\Users\3380\Downloads\Katalon_Studio_Windows_64-8.6.5\Katalon_Studio_Windows_64-8.6.5\configuration\resources\lib\bcpkix-jdk15on-1.64.jar;C:\Users\3380\Downloads\Katalon_Studio_Windows_64-8.6.5\Katalon_Studio_Windows_64-8.6.5\configuration\resources\lib\bcprov-jdk15on-1.64.jar;C:\Users\3380\Downloads\Katalon_Studio_Windows_64-8.6.5\Katalon_Studio_Windows_64-8.6.5\configuration\resources\lib\browsermob-core-2.1.5.jar;C:\Users\3380\Downloads\Katalon_Studio_Windows_64-8.6.5\Katalon_Studio_Windows_64-8.6.5\configuration\resources\lib\cglib-3.2.10.jar;C:\Users\3380\Downloads\Katalon_Studio_Windows_64-8.6.5\Katalon_Studio_Windows_64-8.6.5\configuration\resources\lib\commons-codec-1.10.jar;C:\Users\3380\Downloads\Katalon_Studio_Windows_64-8.6.5\Katalon_Studio_Windows_64-8.6.5\configuration\resources\lib\commons-collections4-4.1.jar;C:\Users\3380\Downloads\Katalon_Studio_Windows_64-8.6.5\Katalon_Studio_Windows_64-8.6.5\configuration\resources\lib\commons-validator-1.6.jar;C:\Users\3380\Downloads\Katalon_Studio_Windows_64-8.6.5\Katalon_Studio_Windows_64-8.6.5\configuration\resources\lib\curvesapi-1.04.jar;C:\Users\3380\Downloads\Katalon_Studio_Windows_64-8.6.5\Katalon_Studio_Windows_64-8.6.5\configuration\resources\lib\dnsjava-2.1.8.jar;C:\Users\3380\Downloads\Katalon_Studio_Windows_64-8.6.5\K
Launcher Type: SUN_STANDARD

Environment Variables:
JAVA_HOME=C:\jdk-17.0.1\bin
PATH=C:/Users/3380/Downloads/Katalon_Studio_Windows_64-8.6.5/Katalon_Studio_Windows_64-8.6.5/jre/bin/server;C:/Users/3380/Downloads/Katalon_Studio_Windows_64-8.6.5/Katalon_Studio_Windows_64-8.6.5/jre/bin;C:/Users/3380/Downloads/Katalon_Studio_Windows_64-8.6.5/Katalon_Studio_Windows_64-8.6.5/jre/lib/amd64;C:\Program Files (x86)\Microsoft SDKs\Azure\CLI2\wbin;C:\Windows\system32;C:\Windows;C:\Windows\System32\Wbem;C:\Windows\System32\WindowsPowerShell\v1.0\;C:\Windows\System32\OpenSSH\;C:\Program Files\Citrix\System32\;C:\Program Files\Citrix\ICAService\;C:\Program Files\Citrix\Virtual Desktop Agent\;C:\jdk-17.0.1\bin;;C:\Program Files\Microsoft VS Code\bin;C:\Program Files\Docker\Docker\resources\bin;C:\Users\3380\AppData\Local\Microsoft\WindowsApps;;C:\Users\3380\Downloads\Katalon_Studio_Windows_64-8.6.5\Katalon_Studio_Windows_64-8.6.5;
USERNAME=3380
OS=Windows_NT
PROCESSOR_IDENTIFIER=Intel64 Family 6 Model 85 Stepping 7, GenuineIntel



---------------  S Y S T E M  ---------------

OS: Windows 10 , 64 bit Build 19041 (10.0.19041.546)
Xen hardware-assisted virtualization detected

CPU:total 2 (initial active 2) (4 cores per cpu, 1 threads per core) family 6 model 85 stepping 7, cmov, cx8, fxsr, mmx, sse, sse2, sse3, ssse3, sse4.1, sse4.2, popcnt, avx, avx2, aes, clmul, erms, 3dnowpref, lzcnt, tsc, bmi1, bmi2, adx

Memory: 4k page, physical 6912048k(206644k free), swap 9754364k(4204k free)

vm_info: OpenJDK 64-Bit Server VM (25.362-b09) for windows-amd64 JRE (Zulu 8.68.0.21-CA-win64) (1.8.0_362-b09), built on Jan 19 2023 16:49:02 by "tester" with MS VC++ 15.9 (VS2017)

time: Mon Jul 10 11:46:12 2023
timezone: India Standard Time
elapsed time: 17.426398 seconds (0d 0h 0m 17s)

