#
# There is insufficient memory for the Java Runtime Environment to continue.
# Native memory allocation (malloc) failed to allocate 77936 bytes for Chunk::new
# Possible reasons:
#   The system is out of physical RAM or swap space
#   The process is running with CompressedOops enabled, and the Java Heap may be blocking the growth of the native heap
# Possible solutions:
#   Reduce memory load on the system
#   Increase physical memory or swap space
#   Check if swap backing store is full
#   Decrease Java heap size (-Xmx/-Xms)
#   Decrease number of Java threads
#   Decrease Java thread stack sizes (-Xss)
#   Set larger code cache with -XX:ReservedCodeCacheSize=
#   JVM is running with Unscaled Compressed Oops mode in which the Java heap is
#     placed in the first 4GB address space. The Java Heap base address is the
#     maximum limit for the native heap growth. Please use -XX:HeapBaseMinAddress
#     to set the Java Heap base and to place the Java Heap above 4GB virtual address.
# This output file may be truncated or incomplete.
#
#  Out of Memory Error (allocation.cpp:389), pid=8892, tid=0x00000000000041b0
#
# JRE version: OpenJDK Runtime Environment (Zulu 8.68.0.21-CA-win64) (8.0_362-b09) (build 1.8.0_362-b09)
# Java VM: OpenJDK 64-Bit Server VM (25.362-b09 mixed mode windows-amd64 compressed oops)
# Failed to write core dump. Minidumps are not enabled by default on client versions of Windows
#

---------------  T H R E A D  ---------------

Current thread (0x000001e2ffc3a800):  JavaThread "C2 CompilerThread0" daemon [_thread_in_native, id=16816, stack(0x0000000100d00000,0x0000000100e00000)]

Stack: [0x0000000100d00000,0x0000000100e00000]
[error occurred during error reporting (printing stack bounds), id 0xc0000005]

Native frames: (J=compiled Java code, j=interpreted, Vv=VM code, C=native code)


Current CompileTask:
C2:  40927 4226       4       sun.reflect.annotation.AnnotationInvocationHandler::invoke (277 bytes)


---------------  P R O C E S S  ---------------

Java Threads: ( => current thread )
  0x000001e2c5e42800 JavaThread "Exec Stream Pumper" daemon [_thread_in_native, id=17856, stack(0x0000000101500000,0x0000000101600000)]
  0x000001e2c4f10800 JavaThread "Exec Stream Pumper" daemon [_thread_in_native, id=17852, stack(0x0000000101400000,0x0000000101500000)]
  0x000001e2c40dc800 JavaThread "Exec Default Executor" daemon [_thread_in_native, id=17836, stack(0x0000000101100000,0x0000000101200000)]
  0x000001e2c4f50000 JavaThread "Okio Watchdog" daemon [_thread_blocked, id=15732, stack(0x0000000101900000,0x0000000101a00000)]
  0x000001e2c5de7800 JavaThread "OkHttp ConnectionPool" daemon [_thread_blocked, id=14868, stack(0x0000000101800000,0x0000000101900000)]
  0x000001e2c4f51000 JavaThread "UrlChecker-2" daemon [_thread_blocked, id=12452, stack(0x0000000101200000,0x0000000101300000)]
  0x000001e2ffcaf000 JavaThread "Service Thread" daemon [_thread_blocked, id=9780, stack(0x0000000100f00000,0x0000000101000000)]
  0x000001e2ffc3c000 JavaThread "C1 CompilerThread1" daemon [_thread_blocked, id=3932, stack(0x0000000100e00000,0x0000000100f00000)]
=>0x000001e2ffc3a800 JavaThread "C2 CompilerThread0" daemon [_thread_in_native, id=16816, stack(0x0000000100d00000,0x0000000100e00000)]
  0x000001e2ffc2d000 JavaThread "Attach Listener" daemon [_thread_blocked, id=15188, stack(0x0000000100c00000,0x0000000100d00000)]
  0x000001e2ffbe5000 JavaThread "Signal Dispatcher" daemon [_thread_blocked, id=14080, stack(0x0000000100b00000,0x0000000100c00000)]
  0x000001e2ee5ad800 JavaThread "Finalizer" daemon [_thread_blocked, id=1480, stack(0x0000000100a00000,0x0000000100b00000)]
  0x000001e2ee5a3800 JavaThread "Reference Handler" daemon [_thread_blocked, id=12668, stack(0x0000000100900000,0x0000000100a00000)]
  0x000001e2ecc15000 JavaThread "Forwarding quit on session be409216f2eb744eee2713d2f08e9e9e to remote" [_thread_in_native, id=5952, stack(0x0000000100500000,0x0000000100600000)]

Other Threads:
  0x000001e2ee59a000 VMThread [stack: 0x0000000100800000,0x0000000100900000] [id=14472]
  0x000001e2ffc78800 WatcherThread [stack: 0x0000000101000000,0x0000000101100000] [id=11128]

VM state:not at safepoint (normal execution)

VM Mutex/Monitor currently owned by a thread: None

heap address: 0x0000000080000000, size: 2048 MB, Compressed Oops mode: 32-bit
Narrow klass base: 0x000001e284000000, Narrow klass shift: 0
Compressed class space size: 1073741824 Address: 0x000001e284000000

Heap:
 PSYoungGen      total 230912K, used 170781K [0x00000000d5580000, 0x00000000e7400000, 0x0000000100000000)
  eden space 219648K, 74% used [0x00000000d5580000,0x00000000df45c508,0x00000000e2c00000)
  from space 11264K, 71% used [0x00000000e3700000,0x00000000e3eeaf20,0x00000000e4200000)
  to   space 11264K, 0% used [0x00000000e2c00000,0x00000000e2c00000,0x00000000e3700000)
 ParOldGen       total 52224K, used 18135K [0x0000000080000000, 0x0000000083300000, 0x00000000d5580000)
  object space 52224K, 34% used [0x0000000080000000,0x00000000811b5ca0,0x0000000083300000)
 Metaspace       used 32690K, capacity 33774K, committed 33920K, reserved 1079296K
  class space    used 3813K, capacity 4141K, committed 4224K, reserved 1048576K

Card table byte_map: [0x000001e2fd980000,0x000001e2fdd90000] byte_map_base: 0x000001e2fd580000

Marking Bits: (ParMarkBitMap*) 0x00000000523a5390
 Begin Bits: [0x000001e280000000, 0x000001e282000000)
 End Bits:   [0x000001e282000000, 0x000001e284000000)

Polling page: 0x000001e2ee490000

CodeCache: size=245760Kb used=13362Kb max_used=13704Kb free=232397Kb
 bounds [0x000001e2ee5c0000, 0x000001e2ef390000, 0x000001e2fd5c0000]
 total_blobs=4372 nmethods=3666 adapters=616
 compilation: enabled

Compilation events (10 events):
Event: 30.061 Thread 0x000001e2ffc3c000 nmethod 4221 0x000001e2eeb3c350 code [0x000001e2eeb3c4a0, 0x000001e2eeb3c5d8]
Event: 30.100 Thread 0x000001e2ffc3a800 4222       4       java.util.ArrayList::toArray (60 bytes)
Event: 30.101 Thread 0x000001e2ffc3c000 4224       3       sun.reflect.ClassFileAssembler::append (30 bytes)
Event: 30.102 Thread 0x000001e2ffc3c000 nmethod 4224 0x000001e2eeb3b8d0 code [0x000001e2eeb3ba80, 0x000001e2eeb3bfc0]
Event: 30.105 Thread 0x000001e2ffc3a800 nmethod 4222 0x000001e2eeb37f90 code [0x000001e2eeb380e0, 0x000001e2eeb385d8]
Event: 30.105 Thread 0x000001e2ffc3a800 4223       4       sun.reflect.ClassFileAssembler::emitShort (24 bytes)
Event: 30.108 Thread 0x000001e2ffc3a800 nmethod 4223 0x000001e2eeb37890 code [0x000001e2eeb37a00, 0x000001e2eeb37c58]
Event: 40.802 Thread 0x000001e2ffc3c000 4225       3       sun.misc.URLClassPath$1::<init> (45 bytes)
Event: 40.803 Thread 0x000001e2ffc3c000 nmethod 4225 0x000001e2eeb3b310 code [0x000001e2eeb3b480, 0x000001e2eeb3b750]
Event: 40.810 Thread 0x000001e2ffc3a800 4226       4       sun.reflect.annotation.AnnotationInvocationHandler::invoke (277 bytes)

GC Heap History (10 events):
Event: 4.535 GC heap before
{Heap before GC invocations=7 (full 0):
 PSYoungGen      total 114688K, used 42928K [0x00000000d5580000, 0x00000000dd180000, 0x0000000100000000)
  eden space 108544K, 33% used [0x00000000d5580000,0x00000000d79714c0,0x00000000dbf80000)
  from space 6144K, 99% used [0x00000000dc780000,0x00000000dcd7ad70,0x00000000dcd80000)
  to   space 8192K, 0% used [0x00000000dbf80000,0x00000000dbf80000,0x00000000dc780000)
 ParOldGen       total 72704K, used 5025K [0x0000000080000000, 0x0000000084700000, 0x00000000d5580000)
  object space 72704K, 6% used [0x0000000080000000,0x00000000804e8478,0x0000000084700000)
 Metaspace       used 20875K, capacity 21086K, committed 21296K, reserved 1069056K
  class space    used 2282K, capacity 2389K, committed 2432K, reserved 1048576K
Event: 4.553 GC heap after
Heap after GC invocations=7 (full 0):
 PSYoungGen      total 116736K, used 5665K [0x00000000d5580000, 0x00000000e3880000, 0x0000000100000000)
  eden space 108544K, 0% used [0x00000000d5580000,0x00000000d5580000,0x00000000dbf80000)
  from space 8192K, 69% used [0x00000000dbf80000,0x00000000dc508610,0x00000000dc780000)
  to   space 7680K, 0% used [0x00000000e3100000,0x00000000e3100000,0x00000000e3880000)
 ParOldGen       total 72704K, used 7563K [0x0000000080000000, 0x0000000084700000, 0x00000000d5580000)
  object space 72704K, 10% used [0x0000000080000000,0x0000000080762e78,0x0000000084700000)
 Metaspace       used 20875K, capacity 21086K, committed 21296K, reserved 1069056K
  class space    used 2282K, capacity 2389K, committed 2432K, reserved 1048576K
}
Event: 4.553 GC heap before
{Heap before GC invocations=8 (full 1):
 PSYoungGen      total 116736K, used 5665K [0x00000000d5580000, 0x00000000e3880000, 0x0000000100000000)
  eden space 108544K, 0% used [0x00000000d5580000,0x00000000d5580000,0x00000000dbf80000)
  from space 8192K, 69% used [0x00000000dbf80000,0x00000000dc508610,0x00000000dc780000)
  to   space 7680K, 0% used [0x00000000e3100000,0x00000000e3100000,0x00000000e3880000)
 ParOldGen       total 72704K, used 7563K [0x0000000080000000, 0x0000000084700000, 0x00000000d5580000)
  object space 72704K, 10% used [0x0000000080000000,0x0000000080762e78,0x0000000084700000)
 Metaspace       used 20875K, capacity 21086K, committed 21296K, reserved 1069056K
  class space    used 2282K, capacity 2389K, committed 2432K, reserved 1048576K
Event: 4.629 GC heap after
Heap after GC invocations=8 (full 1):
 PSYoungGen      total 116736K, used 0K [0x00000000d5580000, 0x00000000e3880000, 0x0000000100000000)
  eden space 108544K, 0% used [0x00000000d5580000,0x00000000d5580000,0x00000000dbf80000)
  from space 8192K, 0% used [0x00000000dbf80000,0x00000000dbf80000,0x00000000dc780000)
  to   space 7680K, 0% used [0x00000000e3100000,0x00000000e3100000,0x00000000e3880000)
 ParOldGen       total 52224K, used 9864K [0x0000000080000000, 0x0000000083300000, 0x00000000d5580000)
  object space 52224K, 18% used [0x0000000080000000,0x00000000809a21e0,0x0000000083300000)
 Metaspace       used 20875K, capacity 21086K, committed 21296K, reserved 1069056K
  class space    used 2282K, capacity 2389K, committed 2432K, reserved 1048576K
}
Event: 6.020 GC heap before
{Heap before GC invocations=9 (full 1):
 PSYoungGen      total 116736K, used 108544K [0x00000000d5580000, 0x00000000e3880000, 0x0000000100000000)
  eden space 108544K, 100% used [0x00000000d5580000,0x00000000dbf80000,0x00000000dbf80000)
  from space 8192K, 0% used [0x00000000dbf80000,0x00000000dbf80000,0x00000000dc780000)
  to   space 7680K, 0% used [0x00000000e3100000,0x00000000e3100000,0x00000000e3880000)
 ParOldGen       total 52224K, used 9864K [0x0000000080000000, 0x0000000083300000, 0x00000000d5580000)
  object space 52224K, 18% used [0x0000000080000000,0x00000000809a21e0,0x0000000083300000)
 Metaspace       used 23181K, capacity 23524K, committed 23680K, reserved 1071104K
  class space    used 2535K, capacity 2658K, committed 2688K, reserved 1048576K
Event: 6.031 GC heap after
Heap after GC invocations=9 (full 1):
 PSYoungGen      total 172032K, used 3934K [0x00000000d5580000, 0x00000000e3500000, 0x0000000100000000)
  eden space 167936K, 0% used [0x00000000d5580000,0x00000000d5580000,0x00000000df980000)
  from space 4096K, 96% used [0x00000000e3100000,0x00000000e34d7b80,0x00000000e3500000)
  to   space 7680K, 0% used [0x00000000e2600000,0x00000000e2600000,0x00000000e2d80000)
 ParOldGen       total 52224K, used 9872K [0x0000000080000000, 0x0000000083300000, 0x00000000d5580000)
  object space 52224K, 18% used [0x0000000080000000,0x00000000809a41e0,0x0000000083300000)
 Metaspace       used 23181K, capacity 23524K, committed 23680K, reserved 1071104K
  class space    used 2535K, capacity 2658K, committed 2688K, reserved 1048576K
}
Event: 9.156 GC heap before
{Heap before GC invocations=10 (full 1):
 PSYoungGen      total 172032K, used 171870K [0x00000000d5580000, 0x00000000e3500000, 0x0000000100000000)
  eden space 167936K, 100% used [0x00000000d5580000,0x00000000df980000,0x00000000df980000)
  from space 4096K, 96% used [0x00000000e3100000,0x00000000e34d7b80,0x00000000e3500000)
  to   space 7680K, 0% used [0x00000000e2600000,0x00000000e2600000,0x00000000e2d80000)
 ParOldGen       total 52224K, used 9872K [0x0000000080000000, 0x0000000083300000, 0x00000000d5580000)
  object space 52224K, 18% used [0x0000000080000000,0x00000000809a41e0,0x0000000083300000)
 Metaspace       used 29832K, capacity 30708K, committed 30976K, reserved 1077248K
  class space    used 3523K, capacity 3780K, committed 3840K, reserved 1048576K
Event: 9.183 GC heap after
Heap after GC invocations=10 (full 1):
 PSYoungGen      total 221184K, used 7661K [0x00000000d5580000, 0x00000000e4200000, 0x0000000100000000)
  eden space 213504K, 0% used [0x00000000d5580000,0x00000000d5580000,0x00000000e2600000)
  from space 7680K, 99% used [0x00000000e2600000,0x00000000e2d7b748,0x00000000e2d80000)
  to   space 11264K, 0% used [0x00000000e3700000,0x00000000e3700000,0x00000000e4200000)
 ParOldGen       total 52224K, used 15903K [0x0000000080000000, 0x0000000083300000, 0x00000000d5580000)
  object space 52224K, 30% used [0x0000000080000000,0x0000000080f87c20,0x0000000083300000)
 Metaspace       used 29832K, capacity 30708K, committed 30976K, reserved 1077248K
  class space    used 3523K, capacity 3780K, committed 3840K, reserved 1048576K
}
Event: 20.785 GC heap before
{Heap before GC invocations=11 (full 1):
 PSYoungGen      total 221184K, used 221165K [0x00000000d5580000, 0x00000000e4200000, 0x0000000100000000)
  eden space 213504K, 100% used [0x00000000d5580000,0x00000000e2600000,0x00000000e2600000)
  from space 7680K, 99% used [0x00000000e2600000,0x00000000e2d7b748,0x00000000e2d80000)
  to   space 11264K, 0% used [0x00000000e3700000,0x00000000e3700000,0x00000000e4200000)
 ParOldGen       total 52224K, used 15903K [0x0000000080000000, 0x0000000083300000, 0x00000000d5580000)
  object space 52224K, 30% used [0x0000000080000000,0x0000000080f87c20,0x0000000083300000)
 Metaspace       used 32340K, capacity 33356K, committed 33664K, reserved 1079296K
  class space    used 3798K, capacity 4110K, committed 4224K, reserved 1048576K
Event: 20.804 GC heap after
Heap after GC invocations=11 (full 1):
 PSYoungGen      total 230912K, used 8107K [0x00000000d5580000, 0x00000000e7400000, 0x0000000100000000)
  eden space 219648K, 0% used [0x00000000d5580000,0x00000000d5580000,0x00000000e2c00000)
  from space 11264K, 71% used [0x00000000e3700000,0x00000000e3eeaf20,0x00000000e4200000)
  to   space 11264K, 0% used [0x00000000e2c00000,0x00000000e2c00000,0x00000000e3700000)
 ParOldGen       total 52224K, used 18135K [0x0000000080000000, 0x0000000083300000, 0x00000000d5580000)
  object space 52224K, 34% used [0x0000000080000000,0x00000000811b5ca0,0x0000000083300000)
 Metaspace       used 32340K, capacity 33356K, committed 33664K, reserved 1079296K
  class space    used 3798K, capacity 4110K, committed 4224K, reserved 1048576K
}

Deoptimization events (10 events):
Event: 9.029 Thread 0x000001e2ecc15000 Uncommon trap: reason=bimorphic action=maybe_recompile pc=0x000001e2ef069d8c method=java.util.regex.Matcher.search(I)Z @ 86
Event: 11.664 Thread 0x000001e2ecc15000 Uncommon trap: reason=class_check action=maybe_recompile pc=0x000001e2ef1236b8 method=org.openqa.selenium.json.Input.init()V @ 18
Event: 11.664 Thread 0x000001e2ecc15000 Uncommon trap: reason=class_check action=maybe_recompile pc=0x000001e2ef1236b8 method=org.openqa.selenium.json.Input.init()V @ 18
Event: 11.664 Thread 0x000001e2ecc15000 Uncommon trap: reason=class_check action=maybe_recompile pc=0x000001e2ef1236b8 method=org.openqa.selenium.json.Input.init()V @ 18
Event: 11.664 Thread 0x000001e2ecc15000 Uncommon trap: reason=class_check action=maybe_recompile pc=0x000001e2ef1236b8 method=org.openqa.selenium.json.Input.init()V @ 18
Event: 11.757 Thread 0x000001e2ecc15000 Uncommon trap: reason=bimorphic action=maybe_recompile pc=0x000001e2eec32f7c method=java.util.HashMap.putVal(ILjava/lang/Object;Ljava/lang/Object;ZZ)Ljava/lang/Object; @ 203
Event: 11.758 Thread 0x000001e2ecc15000 Uncommon trap: reason=bimorphic action=maybe_recompile pc=0x000001e2eec32f7c method=java.util.HashMap.putVal(ILjava/lang/Object;Ljava/lang/Object;ZZ)Ljava/lang/Object; @ 203
Event: 11.758 Thread 0x000001e2ecc15000 Uncommon trap: reason=bimorphic action=maybe_recompile pc=0x000001e2eec32f7c method=java.util.HashMap.putVal(ILjava/lang/Object;Ljava/lang/Object;ZZ)Ljava/lang/Object; @ 203
Event: 20.193 Thread 0x000001e2ecc15000 Uncommon trap: reason=unstable_if action=reinterpret pc=0x000001e2eeba141c method=java.util.regex.Matcher.appendReplacement(Ljava/lang/StringBuffer;Ljava/lang/String;)Ljava/util/regex/Matcher; @ 47
Event: 21.094 Thread 0x000001e2ecc15000 Uncommon trap: reason=range_check action=make_not_entrant pc=0x000001e2ee7b5be4 method=java.lang.String.charAt(I)C @ 27

Classes redefined (0 events):
No events

Internal exceptions (10 events):
Event: 29.702 Thread 0x000001e2ecc15000 Exception <a 'java/security/PrivilegedActionException'> (0x00000000dea7ccf0) thrown at [C:\jenkins\workspace\zulu-platform-build\zulu-src.git\hotspot\src\share\vm\prims\jvm.cpp, line 1514]
Event: 29.703 Thread 0x000001e2ecc15000 Exception <a 'java/security/PrivilegedActionException'> (0x00000000dea8fd58) thrown at [C:\jenkins\workspace\zulu-platform-build\zulu-src.git\hotspot\src\share\vm\prims\jvm.cpp, line 1514]
Event: 29.703 Thread 0x000001e2ecc15000 Exception <a 'java/security/PrivilegedActionException'> (0x00000000dea90338) thrown at [C:\jenkins\workspace\zulu-platform-build\zulu-src.git\hotspot\src\share\vm\prims\jvm.cpp, line 1514]
Event: 29.732 Thread 0x000001e2ecc15000 Exception <a 'java/lang/ClassNotFoundException': Script1BeanInfo> (0x00000000dec53f20) thrown at [C:\jenkins\workspace\zulu-platform-build\zulu-src.git\hotspot\src\share\vm\classfile\systemDictionary.cpp, line 220]
Event: 29.740 Thread 0x000001e2ecc15000 Exception <a 'java/lang/ClassNotFoundException': Script1Customizer> (0x00000000dece14b8) thrown at [C:\jenkins\workspace\zulu-platform-build\zulu-src.git\hotspot\src\share\vm\classfile\systemDictionary.cpp, line 220]
Event: 29.760 Thread 0x000001e2ecc15000 Exception <a 'java/net/SocketTimeoutException': Read timed out> (0x00000000deed94e0) thrown at [C:\jenkins\workspace\zulu-platform-build\zulu-src.git\hotspot\src\share\vm\prims\jni.cpp, line 736]
Event: 29.919 Thread 0x000001e2ecc15000 Exception <a 'java/net/SocketTimeoutException': Read timed out> (0x00000000deef2960) thrown at [C:\jenkins\workspace\zulu-platform-build\zulu-src.git\hotspot\src\share\vm\prims\jni.cpp, line 736]
Event: 30.077 Thread 0x000001e2ecc15000 Exception <a 'java/net/SocketTimeoutException': Read timed out> (0x00000000def079d0) thrown at [C:\jenkins\workspace\zulu-platform-build\zulu-src.git\hotspot\src\share\vm\prims\jni.cpp, line 736]
Event: 30.109 Thread 0x000001e2ecc15000 Exception <a 'java/net/SocketTimeoutException': Read timed out> (0x00000000def2af60) thrown at [C:\jenkins\workspace\zulu-platform-build\zulu-src.git\hotspot\src\share\vm\prims\jni.cpp, line 736]
Event: 40.824 Thread 0x000001e2ecc15000 Exception <a 'java/net/SocketTimeoutException': Read timed out> (0x00000000df121750) thrown at [C:\jenkins\workspace\zulu-platform-build\zulu-src.git\hotspot\src\share\vm\prims\jni.cpp, line 736]

Events (10 events):
Event: 29.730 loading class Script1BeanInfo
Event: 29.730 loading class Script1BeanInfo done
Event: 29.732 loading class Script1BeanInfo
Event: 29.732 loading class Script1BeanInfo done
Event: 29.732 loading class Script1Customizer
Event: 29.732 loading class Script1Customizer done
Event: 29.734 loading class Script1Customizer
Event: 29.734 loading class Script1Customizer done
Event: 29.740 loading class Script1Customizer
Event: 29.740 loading class Script1Customizer done


Dynamic libraries:
0x00007ff72a0b0000 - 0x00007ff72a101000 	C:\Users\3380\Downloads\Katalon_Studio_Windows_64-8.6.5\Katalon_Studio_Windows_64-8.6.5\jre\bin\javaw.exe
0x00007ffd1d330000 - 0x00007ffd1d526000 	C:\Windows\SYSTEM32\ntdll.dll
0x00007ffd1be00000 - 0x00007ffd1bebd000 	C:\Windows\System32\KERNEL32.DLL
0x00007ffd1ac00000 - 0x00007ffd1aec8000 	C:\Windows\System32\KERNELBASE.dll
0x0000000052570000 - 0x0000000052603000 	C:\Windows\System32\SYSFER.DLL
0x00007ffd1cd70000 - 0x00007ffd1ce1c000 	C:\Windows\System32\ADVAPI32.dll
0x00007ffd1cec0000 - 0x00007ffd1cf5e000 	C:\Windows\System32\msvcrt.dll
0x00007ffd1c100000 - 0x00007ffd1c19b000 	C:\Windows\System32\sechost.dll
0x00007ffd1bfd0000 - 0x00007ffd1c0f4000 	C:\Windows\System32\RPCRT4.dll
0x00007ffd1c8f0000 - 0x00007ffd1ca90000 	C:\Windows\System32\USER32.dll
0x00007ffd1ab50000 - 0x00007ffd1ab72000 	C:\Windows\System32\win32u.dll
0x00007ffd1ce90000 - 0x00007ffd1ceba000 	C:\Windows\System32\GDI32.dll
0x00007ffd1b220000 - 0x00007ffd1b329000 	C:\Windows\System32\gdi32full.dll
0x00007ffd1b180000 - 0x00007ffd1b21d000 	C:\Windows\System32\msvcp_win.dll
0x00007ffd1b030000 - 0x00007ffd1b130000 	C:\Windows\System32\ucrtbase.dll
0x00007ffd18b40000 - 0x00007ffd18ddb000 	C:\Windows\WinSxS\amd64_microsoft.windows.common-controls_6595b64144ccf1df_6.0.19041.488_none_ca04af081b815d21\COMCTL32.dll
0x00007ffd1cf70000 - 0x00007ffd1cfa0000 	C:\Windows\System32\IMM32.DLL
0x00007ffd1a870000 - 0x00007ffd1a8a8000 	C:\Program Files\Citrix\System32\MfApHook64.dll
0x00007ffd1a7a0000 - 0x00007ffd1a7b2000 	C:\Program Files\Citrix\IcaService\FullScreenHook64.dll
0x00007ffd1a710000 - 0x00007ffd1a79e000 	C:\Windows\SYSTEM32\MSVCP140.dll
0x00007ffd1a6f0000 - 0x00007ffd1a70b000 	C:\Windows\SYSTEM32\VCRUNTIME140.dll
0x00007ffd1a6e0000 - 0x00007ffd1a6ec000 	C:\Windows\SYSTEM32\VCRUNTIME140_1.dll
0x00007ffd1a2c0000 - 0x00007ffd1a2ea000 	C:\Program Files\Citrix\ICAService\ShellHook64.dll
0x00007ffd1bd40000 - 0x00007ffd1bd95000 	C:\Windows\System32\SHLWAPI.dll
0x00007ffd1a1b0000 - 0x00007ffd1a2bf000 	C:\Program Files\Citrix\IcaService\SCardHook64.dll
0x00007ffd1a020000 - 0x00007ffd1a040000 	C:\Program Files\Citrix\ICAService\cxinjime64.dll
0x00007ffd19ff0000 - 0x00007ffd1a016000 	C:\Program Files\Citrix\ICAService\PicaWtsHook64.dll
0x0000000051bb0000 - 0x0000000052420000 	C:\Users\3380\Downloads\Katalon_Studio_Windows_64-8.6.5\Katalon_Studio_Windows_64-8.6.5\jre\bin\server\jvm.dll
0x00007ffd1bd30000 - 0x00007ffd1bd38000 	C:\Windows\System32\PSAPI.DLL
0x00007ffd13bc0000 - 0x00007ffd13bc9000 	C:\Windows\SYSTEM32\WSOCK32.dll
0x00007ffd1ce20000 - 0x00007ffd1ce8b000 	C:\Windows\System32\WS2_32.dll
0x00007ffd12ef0000 - 0x00007ffd12f17000 	C:\Windows\SYSTEM32\WINMM.dll
0x00007ffd1a650000 - 0x00007ffd1a65a000 	C:\Windows\SYSTEM32\VERSION.dll
0x00007ffd18a40000 - 0x00007ffd18a52000 	C:\Windows\SYSTEM32\kernel.appcore.dll
0x00007ffd0db20000 - 0x00007ffd0db30000 	C:\Users\3380\Downloads\Katalon_Studio_Windows_64-8.6.5\Katalon_Studio_Windows_64-8.6.5\jre\bin\verify.dll
0x00007ffd09960000 - 0x00007ffd0998b000 	C:\Users\3380\Downloads\Katalon_Studio_Windows_64-8.6.5\Katalon_Studio_Windows_64-8.6.5\jre\bin\java.dll
0x00007ffd0bd90000 - 0x00007ffd0bda8000 	C:\Users\3380\Downloads\Katalon_Studio_Windows_64-8.6.5\Katalon_Studio_Windows_64-8.6.5\jre\bin\zip.dll
0x00007ffd1c1a0000 - 0x00007ffd1c8e1000 	C:\Windows\System32\SHELL32.dll
0x00007ffd17b90000 - 0x00007ffd18325000 	C:\Windows\SYSTEM32\windows.storage.dll
0x00007ffd1b390000 - 0x00007ffd1b6e5000 	C:\Windows\System32\combase.dll
0x00007ffd19c50000 - 0x00007ffd19c7c000 	C:\Windows\SYSTEM32\Wldp.dll
0x00007ffd1cfa0000 - 0x00007ffd1d04e000 	C:\Windows\System32\SHCORE.dll
0x00007ffd1a9a0000 - 0x00007ffd1a9c6000 	C:\Windows\SYSTEM32\profapi.dll
0x00007ffd0b7d0000 - 0x00007ffd0b7ec000 	C:\Users\3380\Downloads\Katalon_Studio_Windows_64-8.6.5\Katalon_Studio_Windows_64-8.6.5\jre\bin\net.dll
0x00007ffd199c0000 - 0x00007ffd19a2a000 	C:\Windows\system32\mswsock.dll
0x00007ffd05cd0000 - 0x00007ffd05ce3000 	C:\Users\3380\Downloads\Katalon_Studio_Windows_64-8.6.5\Katalon_Studio_Windows_64-8.6.5\jre\bin\nio.dll
0x00007ffd19700000 - 0x00007ffd197cb000 	C:\Windows\SYSTEM32\DNSAPI.dll
0x00007ffd196c0000 - 0x00007ffd196fb000 	C:\Windows\SYSTEM32\IPHLPAPI.DLL
0x00007ffd1cf60000 - 0x00007ffd1cf68000 	C:\Windows\System32\NSI.dll
0x00007ffd12010000 - 0x00007ffd1201a000 	C:\Windows\System32\rasadhlp.dll
0x00007ffd142f0000 - 0x00007ffd1436f000 	C:\Windows\System32\fwpuclnt.dll
0x00007ffd1ab20000 - 0x00007ffd1ab47000 	C:\Windows\System32\bcrypt.dll
0x00007ffd00240000 - 0x00007ffd00264000 	C:\Users\3380\Downloads\Katalon_Studio_Windows_64-8.6.5\Katalon_Studio_Windows_64-8.6.5\jre\bin\sunec.dll
0x00007ffd10400000 - 0x00007ffd1040d000 	C:\Users\3380\Downloads\Katalon_Studio_Windows_64-8.6.5\Katalon_Studio_Windows_64-8.6.5\jre\bin\sunmscapi.dll
0x00007ffd1aed0000 - 0x00007ffd1b02d000 	C:\Windows\System32\CRYPT32.dll
0x00007ffd19cc0000 - 0x00007ffd19ce7000 	C:\Windows\SYSTEM32\ncrypt.dll
0x00007ffd19c80000 - 0x00007ffd19cbb000 	C:\Windows\SYSTEM32\NTASN1.dll
0x00007ffd19b90000 - 0x00007ffd19ba8000 	C:\Windows\SYSTEM32\CRYPTSP.dll
0x00007ffd19260000 - 0x00007ffd19294000 	C:\Windows\system32\rsaenh.dll
0x00007ffd1a8d0000 - 0x00007ffd1a8fe000 	C:\Windows\SYSTEM32\USERENV.dll
0x00007ffd1ab80000 - 0x00007ffd1abff000 	C:\Windows\System32\bcryptprimitives.dll
0x00007ffd19bb0000 - 0x00007ffd19bbc000 	C:\Windows\SYSTEM32\CRYPTBASE.dll
0x00007ffd14390000 - 0x00007ffd143a7000 	C:\Windows\SYSTEM32\dhcpcsvc6.DLL
0x00007ffd14140000 - 0x00007ffd1415d000 	C:\Windows\SYSTEM32\dhcpcsvc.DLL

VM Arguments:
jvm_args: -Dgroovy.home=C:\Users\3380/.groovy -Djava.system.class.loader=groovy.lang.GroovyClassLoader -Xmx2048m -Dfile.encoding=UTF-8 
java_command: org.codehaus.groovy.tools.GroovyStarter --classpath C:\Users\3380\Katalon Studio\My Project\bin\keyword;C:\Users\3380\Katalon Studio\My Project\Keywords;C:\Users\3380\Katalon Studio\My Project\bin\listener;C:\Users\3380\Katalon Studio\My Project\Test Listeners;C:\Users\3380\Katalon Studio\My Project\bin\lib;C:\Users\3380\Katalon Studio\My Project\Libs;C:\Users\3380\Katalon Studio\My Project\bin\groovy;C:\Users\3380\Katalon Studio\My Project\Include\scripts\groovy;C:\Users\3380\Downloads\Katalon_Studio_Windows_64-8.6.5\Katalon_Studio_Windows_64-8.6.5\plugins\com.kms.katalon.core_1.0.0.202305240718.jar;C:\Users\3380\Downloads\Katalon_Studio_Windows_64-8.6.5\Katalon_Studio_Windows_64-8.6.5\configuration\resources\lib\aalto-xml-1.0.0.jar;C:\Users\3380\Downloads\Katalon_Studio_Windows_64-8.6.5\Katalon_Studio_Windows_64-8.6.5\configuration\resources\lib\aspectjweaver-1.9.1.jar;C:\Users\3380\Downloads\Katalon_Studio_Windows_64-8.6.5\Katalon_Studio_Windows_64-8.6.5\configuration\resources\lib\bcpkix-jdk15on-1.64.jar;C:\Users\3380\Downloads\Katalon_Studio_Windows_64-8.6.5\Katalon_Studio_Windows_64-8.6.5\configuration\resources\lib\bcprov-jdk15on-1.64.jar;C:\Users\3380\Downloads\Katalon_Studio_Windows_64-8.6.5\Katalon_Studio_Windows_64-8.6.5\configuration\resources\lib\browsermob-core-2.1.5.jar;C:\Users\3380\Downloads\Katalon_Studio_Windows_64-8.6.5\Katalon_Studio_Windows_64-8.6.5\configuration\resources\lib\cglib-3.2.10.jar;C:\Users\3380\Downloads\Katalon_Studio_Windows_64-8.6.5\Katalon_Studio_Windows_64-8.6.5\configuration\resources\lib\commons-codec-1.10.jar;C:\Users\3380\Downloads\Katalon_Studio_Windows_64-8.6.5\Katalon_Studio_Windows_64-8.6.5\configuration\resources\lib\commons-collections4-4.1.jar;C:\Users\3380\Downloads\Katalon_Studio_Windows_64-8.6.5\Katalon_Studio_Windows_64-8.6.5\configuration\resources\lib\commons-validator-1.6.jar;C:\Users\3380\Downloads\Katalon_Studio_Windows_64-8.6.5\Katalon_Studio_Windows_64-8.6.5\configuration\resources\lib\cur
java_class_path (initial): C:\Users\3380\Katalon Studio\My Project\bin\keyword;C:\Users\3380\Katalon Studio\My Project\bin\listener;C:\Users\3380\Katalon Studio\My Project\bin\lib;C:\Users\3380\Katalon Studio\My Project\bin\groovy;C:\Users\3380\Katalon Studio\My Project\bin;C:\Users\3380\Downloads\Katalon_Studio_Windows_64-8.6.5\Katalon_Studio_Windows_64-8.6.5\plugins\com.kms.katalon.core_1.0.0.202305240718.jar;C:\Users\3380\Downloads\Katalon_Studio_Windows_64-8.6.5\Katalon_Studio_Windows_64-8.6.5\configuration\resources\lib\aalto-xml-1.0.0.jar;C:\Users\3380\Downloads\Katalon_Studio_Windows_64-8.6.5\Katalon_Studio_Windows_64-8.6.5\configuration\resources\lib\aspectjweaver-1.9.1.jar;C:\Users\3380\Downloads\Katalon_Studio_Windows_64-8.6.5\Katalon_Studio_Windows_64-8.6.5\configuration\resources\lib\bcpkix-jdk15on-1.64.jar;C:\Users\3380\Downloads\Katalon_Studio_Windows_64-8.6.5\Katalon_Studio_Windows_64-8.6.5\configuration\resources\lib\bcprov-jdk15on-1.64.jar;C:\Users\3380\Downloads\Katalon_Studio_Windows_64-8.6.5\Katalon_Studio_Windows_64-8.6.5\configuration\resources\lib\browsermob-core-2.1.5.jar;C:\Users\3380\Downloads\Katalon_Studio_Windows_64-8.6.5\Katalon_Studio_Windows_64-8.6.5\configuration\resources\lib\cglib-3.2.10.jar;C:\Users\3380\Downloads\Katalon_Studio_Windows_64-8.6.5\Katalon_Studio_Windows_64-8.6.5\configuration\resources\lib\commons-codec-1.10.jar;C:\Users\3380\Downloads\Katalon_Studio_Windows_64-8.6.5\Katalon_Studio_Windows_64-8.6.5\configuration\resources\lib\commons-collections4-4.1.jar;C:\Users\3380\Downloads\Katalon_Studio_Windows_64-8.6.5\Katalon_Studio_Windows_64-8.6.5\configuration\resources\lib\commons-validator-1.6.jar;C:\Users\3380\Downloads\Katalon_Studio_Windows_64-8.6.5\Katalon_Studio_Windows_64-8.6.5\configuration\resources\lib\curvesapi-1.04.jar;C:\Users\3380\Downloads\Katalon_Studio_Windows_64-8.6.5\Katalon_Studio_Windows_64-8.6.5\configuration\resources\lib\dnsjava-2.1.8.jar;C:\Users\3380\Downloads\Katalon_Studio_Windows_64-8.6.5\K
Launcher Type: SUN_STANDARD

Environment Variables:
JAVA_HOME=C:\jdk-17.0.1\bin
PATH=C:/Users/3380/Downloads/Katalon_Studio_Windows_64-8.6.5/Katalon_Studio_Windows_64-8.6.5/jre/bin/server;C:/Users/3380/Downloads/Katalon_Studio_Windows_64-8.6.5/Katalon_Studio_Windows_64-8.6.5/jre/bin;C:/Users/3380/Downloads/Katalon_Studio_Windows_64-8.6.5/Katalon_Studio_Windows_64-8.6.5/jre/lib/amd64;C:\Program Files (x86)\Microsoft SDKs\Azure\CLI2\wbin;C:\Windows\system32;C:\Windows;C:\Windows\System32\Wbem;C:\Windows\System32\WindowsPowerShell\v1.0\;C:\Windows\System32\OpenSSH\;C:\Program Files\Citrix\System32\;C:\Program Files\Citrix\ICAService\;C:\Program Files\Citrix\Virtual Desktop Agent\;C:\jdk-17.0.1\bin;;C:\Program Files\Microsoft VS Code\bin;C:\Program Files\Docker\Docker\resources\bin;C:\Users\3380\AppData\Local\Microsoft\WindowsApps;;C:\Users\3380\Downloads\Katalon_Studio_Windows_64-8.6.5\Katalon_Studio_Windows_64-8.6.5;
USERNAME=3380
OS=Windows_NT
PROCESSOR_IDENTIFIER=Intel64 Family 6 Model 85 Stepping 7, GenuineIntel



---------------  S Y S T E M  ---------------

OS: Windows 10 , 64 bit Build 19041 (10.0.19041.546)
Xen hardware-assisted virtualization detected

CPU:total 2 (initial active 2) (4 cores per cpu, 1 threads per core) family 6 model 85 stepping 7, cmov, cx8, fxsr, mmx, sse, sse2, sse3, ssse3, sse4.1, sse4.2, popcnt, avx, avx2, aes, clmul, erms, 3dnowpref, lzcnt, tsc, bmi1, bmi2, adx

Memory: 4k page, physical 6912048k(215208k free), swap 9745808k(5224k free)

vm_info: OpenJDK 64-Bit Server VM (25.362-b09) for windows-amd64 JRE (Zulu 8.68.0.21-CA-win64) (1.8.0_362-b09), built on Jan 19 2023 16:49:02 by "tester" with MS VC++ 15.9 (VS2017)

time: Fri Jul  7 15:01:41 2023
timezone: India Standard Time
elapsed time: 40.939194 seconds (0d 0h 0m 40s)

